2023-01-12T04:59:50.977Z|-|[34mdebug[39m|-|[34mLogging initialized at debug level[39m
2023-01-12T04:59:53.072Z|-|[32minfo[39m|-|[32mApp is running at http://localhost:3001 in development mode[39m
2023-01-12T04:59:53.073Z|-|[32minfo[39m|-|[32mPress CTRL-C to stop[39m
2023-01-12T04:59:53.118Z|-|[31merror[39m|-|[31mNot Connected to DB[39m
2023-01-12T04:59:53.119Z|-|[31merror[39m|-|[31mdatabase "data" does not exist[39m
2023-01-12T05:00:52.067Z|-|[34mdebug[39m|-|[34mLogging initialized at debug level[39m
2023-01-12T05:00:54.425Z|-|[32minfo[39m|-|[32mApp is running at http://localhost:3001 in development mode[39m
2023-01-12T05:00:54.425Z|-|[32minfo[39m|-|[32mPress CTRL-C to stop[39m
2023-01-12T05:00:54.675Z|-|[32minfo[39m|-|[32mConnected to DB[39m
2023-01-12T05:01:35.580Z|-|[34mdebug[39m|-|[34mLogging initialized at debug level[39m
2023-01-12T05:01:38.043Z|-|[32minfo[39m|-|[32mApp is running at http://localhost:3001 in development mode[39m
2023-01-12T05:01:38.043Z|-|[32minfo[39m|-|[32mPress CTRL-C to stop[39m
2023-01-12T05:01:38.222Z|-|[32minfo[39m|-|[32mConnected to DB[39m
2023-01-12T05:19:55.267Z|-|[34mdebug[39m|-|[34mLogging initialized at debug level[39m
2023-01-12T05:19:58.010Z|-|[32minfo[39m|-|[32mApp is running at http://localhost:3001 in development mode[39m
2023-01-12T05:19:58.012Z|-|[32minfo[39m|-|[32mPress CTRL-C to stop[39m
2023-01-12T05:19:58.226Z|-|[32minfo[39m|-|[32mConnected to DB[39m
2023-01-12T05:20:38.176Z|-|[34mdebug[39m|-|[34mLogging initialized at debug level[39m
2023-01-12T05:20:40.645Z|-|[32minfo[39m|-|[32mApp is running at http://localhost:3001 in development mode[39m
2023-01-12T05:20:40.646Z|-|[32minfo[39m|-|[32mPress CTRL-C to stop[39m
2023-01-12T05:20:40.873Z|-|[32minfo[39m|-|[32mConnected to DB[39m
2023-01-12T05:28:44.767Z|-|[34mdebug[39m|-|[34mLogging initialized at debug level[39m
2023-01-12T05:28:46.912Z|-|[32minfo[39m|-|[32mApp is running at http://localhost:3001 in development mode[39m
2023-01-12T05:28:46.914Z|-|[32minfo[39m|-|[32mPress CTRL-C to stop[39m
2023-01-12T05:28:47.074Z|-|[32minfo[39m|-|[32mConnected to DB[39m
2023-01-12T05:29:44.442Z|-|[34mdebug[39m|-|[34mLogging initialized at debug level[39m
2023-01-12T05:29:46.656Z|-|[32minfo[39m|-|[32mApp is running at http://localhost:3001 in development mode[39m
2023-01-12T05:29:46.659Z|-|[32minfo[39m|-|[32mPress CTRL-C to stop[39m
2023-01-12T05:29:51.285Z|-|[34mdebug[39m|-|[34mLogging initialized at debug level[39m
2023-01-12T05:29:54.382Z|-|[32minfo[39m|-|[32mApp is running at http://localhost:3001 in development mode[39m
2023-01-12T05:29:54.382Z|-|[32minfo[39m|-|[32mPress CTRL-C to stop[39m
2023-01-12T05:29:54.568Z|-|[32minfo[39m|-|[32mConnected to DB[39m
2023-01-12T05:30:26.668Z|-|[34mdebug[39m|-|[34mLogging initialized at debug level[39m
2023-01-12T05:30:29.772Z|-|[32minfo[39m|-|[32mApp is running at http://localhost:3001 in development mode[39m
2023-01-12T05:30:29.773Z|-|[32minfo[39m|-|[32mPress CTRL-C to stop[39m
2023-01-12T05:30:29.930Z|-|[32minfo[39m|-|[32mConnected to DB[39m
2023-01-12T05:30:45.339Z|-|[34mdebug[39m|-|[34mLogging initialized at debug level[39m
2023-01-12T05:30:47.846Z|-|[32minfo[39m|-|[32mApp is running at http://localhost:3001 in development mode[39m
2023-01-12T05:30:47.848Z|-|[32minfo[39m|-|[32mPress CTRL-C to stop[39m
2023-01-12T05:30:48.058Z|-|[32minfo[39m|-|[32mConnected to DB[39m
2023-01-12T05:30:54.429Z|-|[34mdebug[39m|-|[34mLogging initialized at debug level[39m
2023-01-12T05:30:56.934Z|-|[32minfo[39m|-|[32mApp is running at http://localhost:3001 in development mode[39m
2023-01-12T05:30:56.935Z|-|[32minfo[39m|-|[32mPress CTRL-C to stop[39m
2023-01-12T05:30:57.161Z|-|[32minfo[39m|-|[32mConnected to DB[39m
2023-01-12T05:33:12.430Z|-|[34mdebug[39m|-|[34mLogging initialized at debug level[39m
2023-01-12T05:33:15.376Z|-|[32minfo[39m|-|[32mApp is running at http://localhost:3001 in development mode[39m
2023-01-12T05:33:15.376Z|-|[32minfo[39m|-|[32mPress CTRL-C to stop[39m
2023-01-12T05:33:15.715Z|-|[32minfo[39m|-|[32mConnected to DB[39m
2023-01-12T05:33:29.980Z|-|[34mdebug[39m|-|[34mLogging initialized at debug level[39m
2023-01-12T05:33:34.247Z|-|[32minfo[39m|-|[32mApp is running at http://localhost:3001 in development mode[39m
2023-01-12T05:33:34.248Z|-|[32minfo[39m|-|[32mPress CTRL-C to stop[39m
2023-01-12T05:33:34.625Z|-|[32minfo[39m|-|[32mConnected to DB[39m
2023-01-12T05:45:47.140Z|-|[34mdebug[39m|-|[34mLogging initialized at debug level[39m
2023-01-12T05:45:50.312Z|-|[32minfo[39m|-|[32mApp is running at http://localhost:3001 in development mode[39m
2023-01-12T05:45:50.314Z|-|[32minfo[39m|-|[32mPress CTRL-C to stop[39m
2023-01-12T05:45:50.337Z|-|[31merror[39m|-|[31mNot Connected to DB[39m
2023-01-12T05:45:50.338Z|-|[31merror[39m|-|[31mconnect ECONNREFUSED 127.0.0.1:5432[39m
2023-01-12T05:46:23.856Z|-|[34mdebug[39m|-|[34mLogging initialized at debug level[39m
2023-01-12T05:46:26.983Z|-|[32minfo[39m|-|[32mApp is running at http://localhost:3001 in development mode[39m
2023-01-12T05:46:26.987Z|-|[32minfo[39m|-|[32mPress CTRL-C to stop[39m
2023-01-12T05:46:27.230Z|-|[32minfo[39m|-|[32mConnected to DB[39m
2023-01-12T05:47:03.740Z|-|[34mdebug[39m|-|[34mLogging initialized at debug level[39m
2023-01-12T05:47:06.600Z|-|[32minfo[39m|-|[32mApp is running at http://localhost:3001 in development mode[39m
2023-01-12T05:47:06.600Z|-|[32minfo[39m|-|[32mPress CTRL-C to stop[39m
2023-01-12T05:47:06.805Z|-|[32minfo[39m|-|[32mConnected to DB[39m
2023-01-12T05:51:18.680Z|-|[34mdebug[39m|-|[34mLogging initialized at debug level[39m
2023-01-12T05:51:21.300Z|-|[32minfo[39m|-|[32mApp is running at http://localhost:3001 in development mode[39m
2023-01-12T05:51:21.303Z|-|[32minfo[39m|-|[32mPress CTRL-C to stop[39m
2023-01-12T05:51:21.490Z|-|[32minfo[39m|-|[32mConnected to DB[39m
2023-01-12T05:51:35.196Z|-|[34mdebug[39m|-|[34mLogging initialized at debug level[39m
2023-01-12T05:51:37.646Z|-|[32minfo[39m|-|[32mApp is running at http://localhost:3001 in development mode[39m
2023-01-12T05:51:37.646Z|-|[32minfo[39m|-|[32mPress CTRL-C to stop[39m
2023-01-12T05:51:37.791Z|-|[32minfo[39m|-|[32mConnected to DB[39m
2023-01-12T05:51:59.837Z|-|[34mdebug[39m|-|[34mLogging initialized at debug level[39m
2023-01-12T05:52:02.413Z|-|[32minfo[39m|-|[32mApp is running at http://localhost:3001 in development mode[39m
2023-01-12T05:52:02.414Z|-|[32minfo[39m|-|[32mPress CTRL-C to stop[39m
2023-01-12T05:52:02.618Z|-|[32minfo[39m|-|[32mConnected to DB[39m
2023-01-12T05:52:23.292Z|-|[34mdebug[39m|-|[34mLogging initialized at debug level[39m
2023-01-12T05:52:25.690Z|-|[32minfo[39m|-|[32mApp is running at http://localhost:3001 in development mode[39m
2023-01-12T05:52:25.690Z|-|[32minfo[39m|-|[32mPress CTRL-C to stop[39m
2023-01-12T05:52:25.897Z|-|[32minfo[39m|-|[32mConnected to DB[39m
2023-01-12T05:52:34.843Z|-|[34mdebug[39m|-|[34mLogging initialized at debug level[39m
2023-01-12T05:52:36.968Z|-|[32minfo[39m|-|[32mApp is running at http://localhost:3001 in development mode[39m
2023-01-12T05:52:36.969Z|-|[32minfo[39m|-|[32mPress CTRL-C to stop[39m
2023-01-12T05:52:37.136Z|-|[32minfo[39m|-|[32mConnected to DB[39m
2023-01-12T05:53:02.296Z|-|[34mdebug[39m|-|[34mLogging initialized at debug level[39m
2023-01-12T05:53:05.437Z|-|[32minfo[39m|-|[32mApp is running at http://localhost:3001 in development mode[39m
2023-01-12T05:53:05.439Z|-|[32minfo[39m|-|[32mPress CTRL-C to stop[39m
2023-01-12T05:53:05.677Z|-|[32minfo[39m|-|[32mConnected to DB[39m
2023-01-12T05:53:25.946Z|-|[34mdebug[39m|-|[34mLogging initialized at debug level[39m
2023-01-12T05:53:28.782Z|-|[32minfo[39m|-|[32mApp is running at http://localhost:3001 in development mode[39m
2023-01-12T05:53:28.783Z|-|[32minfo[39m|-|[32mPress CTRL-C to stop[39m
2023-01-12T05:53:29.566Z|-|[32minfo[39m|-|[32mConnected to DB[39m
2023-01-12T05:54:13.930Z|-|[34mdebug[39m|-|[34mLogging initialized at debug level[39m
2023-01-12T05:54:17.081Z|-|[32minfo[39m|-|[32mApp is running at http://localhost:3001 in development mode[39m
2023-01-12T05:54:17.082Z|-|[32minfo[39m|-|[32mPress CTRL-C to stop[39m
2023-01-12T05:54:17.519Z|-|[32minfo[39m|-|[32mConnected to DB[39m
2023-01-12T05:54:18.551Z|-|[34mdebug[39m|-|[34mLogging initialized at debug level[39m
2023-01-12T05:54:21.085Z|-|[32minfo[39m|-|[32mApp is running at http://localhost:3001 in development mode[39m
2023-01-12T05:54:21.089Z|-|[32minfo[39m|-|[32mPress CTRL-C to stop[39m
2023-01-12T05:54:21.518Z|-|[32minfo[39m|-|[32mConnected to DB[39m
2023-01-12T05:54:42.644Z|-|[34mdebug[39m|-|[34mLogging initialized at debug level[39m
2023-01-12T05:54:45.279Z|-|[32minfo[39m|-|[32mApp is running at http://localhost:3001 in development mode[39m
2023-01-12T05:54:45.286Z|-|[32minfo[39m|-|[32mPress CTRL-C to stop[39m
2023-01-12T05:54:45.609Z|-|[32minfo[39m|-|[32mConnected to DB[39m
2023-01-12T05:55:02.322Z|-|[34mdebug[39m|-|[34mLogging initialized at debug level[39m
2023-01-12T05:55:04.711Z|-|[32minfo[39m|-|[32mApp is running at http://localhost:3001 in development mode[39m
2023-01-12T05:55:04.714Z|-|[32minfo[39m|-|[32mPress CTRL-C to stop[39m
2023-01-12T05:55:05.032Z|-|[32minfo[39m|-|[32mConnected to DB[39m
2023-01-12T05:55:20.100Z|-|[34mdebug[39m|-|[34mLogging initialized at debug level[39m
2023-01-12T05:55:22.698Z|-|[32minfo[39m|-|[32mApp is running at http://localhost:3001 in development mode[39m
2023-01-12T05:55:22.698Z|-|[32minfo[39m|-|[32mPress CTRL-C to stop[39m
2023-01-12T05:55:23.029Z|-|[32minfo[39m|-|[32mConnected to DB[39m
2023-01-12T05:58:44.137Z|-|[34mdebug[39m|-|[34mLogging initialized at debug level[39m
2023-01-12T05:58:46.371Z|-|[32minfo[39m|-|[32mApp is running at http://localhost:3001 in development mode[39m
2023-01-12T05:58:46.373Z|-|[32minfo[39m|-|[32mPress CTRL-C to stop[39m
2023-01-12T05:58:46.532Z|-|[32minfo[39m|-|[32mConnected to DB[39m
2023-01-12T06:00:20.841Z|-|[34mdebug[39m|-|[34mLogging initialized at debug level[39m
2023-01-12T06:00:25.022Z|-|[32minfo[39m|-|[32mApp is running at http://localhost:3001 in development mode[39m
2023-01-12T06:00:25.023Z|-|[32minfo[39m|-|[32mPress CTRL-C to stop[39m
2023-01-12T06:00:25.282Z|-|[32minfo[39m|-|[32mConnected to DB[39m
2023-01-12T06:00:38.886Z|-|[34mdebug[39m|-|[34mLogging initialized at debug level[39m
2023-01-12T06:00:42.609Z|-|[32minfo[39m|-|[32mApp is running at http://localhost:3001 in development mode[39m
2023-01-12T06:00:42.611Z|-|[32minfo[39m|-|[32mPress CTRL-C to stop[39m
2023-01-12T06:00:42.800Z|-|[32minfo[39m|-|[32mConnected to DB[39m
2023-01-12T06:00:54.065Z|-|[34mdebug[39m|-|[34mLogging initialized at debug level[39m
2023-01-12T06:00:56.572Z|-|[32minfo[39m|-|[32mApp is running at http://localhost:3001 in development mode[39m
2023-01-12T06:00:56.578Z|-|[32minfo[39m|-|[32mPress CTRL-C to stop[39m
2023-01-12T06:00:57.024Z|-|[32minfo[39m|-|[32mConnected to DB[39m
2023-01-12T06:00:58.533Z|-|[34mdebug[39m|-|[34mLogging initialized at debug level[39m
2023-01-12T06:01:01.628Z|-|[32minfo[39m|-|[32mApp is running at http://localhost:3001 in development mode[39m
2023-01-12T06:01:01.631Z|-|[32minfo[39m|-|[32mPress CTRL-C to stop[39m
2023-01-12T06:01:01.896Z|-|[32minfo[39m|-|[32mConnected to DB[39m
2023-01-12T06:01:05.601Z|-|[34mdebug[39m|-|[34mLogging initialized at debug level[39m
2023-01-12T06:01:11.864Z|-|[32minfo[39m|-|[32mApp is running at http://localhost:3001 in development mode[39m
2023-01-12T06:01:11.864Z|-|[32minfo[39m|-|[32mPress CTRL-C to stop[39m
2023-01-12T06:01:12.481Z|-|[32minfo[39m|-|[32mConnected to DB[39m
2023-01-12T06:01:14.302Z|-|[34mdebug[39m|-|[34mLogging initialized at debug level[39m
2023-01-12T06:01:29.834Z|-|[32minfo[39m|-|[32mApp is running at http://localhost:3001 in development mode[39m
2023-01-12T06:01:29.835Z|-|[32minfo[39m|-|[32mPress CTRL-C to stop[39m
2023-01-12T06:01:30.728Z|-|[32minfo[39m|-|[32mConnected to DB[39m
2023-01-12T06:02:47.039Z|-|[34mdebug[39m|-|[34mLogging initialized at debug level[39m
2023-01-12T06:02:54.963Z|-|[32minfo[39m|-|[32mApp is running at http://localhost:3001 in development mode[39m
2023-01-12T06:02:54.964Z|-|[32minfo[39m|-|[32mPress CTRL-C to stop[39m
2023-01-12T06:02:55.400Z|-|[32minfo[39m|-|[32mConnected to DB[39m
2023-01-12T06:02:56.160Z|-|[34mdebug[39m|-|[34mLogging initialized at debug level[39m
2023-01-12T06:02:58.822Z|-|[32minfo[39m|-|[32mApp is running at http://localhost:3001 in development mode[39m
2023-01-12T06:02:58.823Z|-|[32minfo[39m|-|[32mPress CTRL-C to stop[39m
2023-01-12T06:02:59.004Z|-|[32minfo[39m|-|[32mConnected to DB[39m
2023-01-12T06:03:04.804Z|-|[34mdebug[39m|-|[34mLogging initialized at debug level[39m
2023-01-12T06:03:06.868Z|-|[32minfo[39m|-|[32mApp is running at http://localhost:3001 in development mode[39m
2023-01-12T06:03:06.870Z|-|[32minfo[39m|-|[32mPress CTRL-C to stop[39m
2023-01-12T06:03:07.209Z|-|[32minfo[39m|-|[32mConnected to DB[39m
2023-01-12T06:03:42.692Z|-|[34mdebug[39m|-|[34mLogging initialized at debug level[39m
2023-01-12T06:03:45.650Z|-|[32minfo[39m|-|[32mApp is running at http://localhost:3001 in development mode[39m
2023-01-12T06:03:45.651Z|-|[32minfo[39m|-|[32mPress CTRL-C to stop[39m
2023-01-12T06:03:46.174Z|-|[32minfo[39m|-|[32mConnected to DB[39m
2023-01-12T06:03:47.604Z|-|[34mdebug[39m|-|[34mLogging initialized at debug level[39m
2023-01-12T06:03:50.290Z|-|[32minfo[39m|-|[32mApp is running at http://localhost:3001 in development mode[39m
2023-01-12T06:03:50.290Z|-|[32minfo[39m|-|[32mPress CTRL-C to stop[39m
2023-01-12T06:03:50.844Z|-|[32minfo[39m|-|[32mConnected to DB[39m
2023-01-12T06:17:37.394Z|-|[34mdebug[39m|-|[34mLogging initialized at debug level[39m
2023-01-12T06:17:41.813Z|-|[32minfo[39m|-|[32mApp is running at http://localhost:3001 in development mode[39m
2023-01-12T06:17:41.817Z|-|[32minfo[39m|-|[32mPress CTRL-C to stop[39m
2023-01-12T06:17:42.359Z|-|[32minfo[39m|-|[32mConnected to DB[39m
2023-01-12T06:19:56.694Z|-|[34mdebug[39m|-|[34mLogging initialized at debug level[39m
2023-01-12T06:20:02.065Z|-|[32minfo[39m|-|[32mApp is running at http://localhost:3001 in development mode[39m
2023-01-12T06:20:02.070Z|-|[32minfo[39m|-|[32mPress CTRL-C to stop[39m
2023-01-12T06:20:02.471Z|-|[32minfo[39m|-|[32mConnected to DB[39m
2023-01-12T06:20:14.585Z|-|[34mdebug[39m|-|[34mLogging initialized at debug level[39m
2023-01-12T06:20:17.941Z|-|[32minfo[39m|-|[32mApp is running at http://localhost:3001 in development mode[39m
2023-01-12T06:20:17.941Z|-|[32minfo[39m|-|[32mPress CTRL-C to stop[39m
2023-01-12T06:20:18.416Z|-|[32minfo[39m|-|[32mConnected to DB[39m
2023-01-12T06:20:29.993Z|-|[34mdebug[39m|-|[34mLogging initialized at debug level[39m
2023-01-12T06:20:32.599Z|-|[32minfo[39m|-|[32mApp is running at http://localhost:3001 in development mode[39m
2023-01-12T06:20:32.600Z|-|[32minfo[39m|-|[32mPress CTRL-C to stop[39m
2023-01-12T06:20:32.927Z|-|[32minfo[39m|-|[32mConnected to DB[39m
2023-01-12T06:20:36.838Z|-|[34mdebug[39m|-|[34mLogging initialized at debug level[39m
2023-01-12T06:20:40.775Z|-|[32minfo[39m|-|[32mApp is running at http://localhost:3001 in development mode[39m
2023-01-12T06:20:40.775Z|-|[32minfo[39m|-|[32mPress CTRL-C to stop[39m
2023-01-12T06:20:41.332Z|-|[32minfo[39m|-|[32mConnected to DB[39m
2023-01-12T06:20:48.663Z|-|[34mdebug[39m|-|[34mLogging initialized at debug level[39m
2023-01-12T06:20:51.958Z|-|[32minfo[39m|-|[32mApp is running at http://localhost:3001 in development mode[39m
2023-01-12T06:20:51.959Z|-|[32minfo[39m|-|[32mPress CTRL-C to stop[39m
2023-01-12T06:20:52.191Z|-|[32minfo[39m|-|[32mConnected to DB[39m
2023-01-12T06:21:13.996Z|-|[34mdebug[39m|-|[34mLogging initialized at debug level[39m
2023-01-12T06:21:17.104Z|-|[32minfo[39m|-|[32mApp is running at http://localhost:3001 in development mode[39m
2023-01-12T06:21:17.106Z|-|[32minfo[39m|-|[32mPress CTRL-C to stop[39m
2023-01-12T06:21:17.367Z|-|[32minfo[39m|-|[32mConnected to DB[39m
2023-01-12T06:21:32.114Z|-|[34mdebug[39m|-|[34mLogging initialized at debug level[39m
2023-01-12T06:21:34.553Z|-|[32minfo[39m|-|[32mApp is running at http://localhost:3001 in development mode[39m
2023-01-12T06:21:34.553Z|-|[32minfo[39m|-|[32mPress CTRL-C to stop[39m
2023-01-12T06:21:34.800Z|-|[32minfo[39m|-|[32mConnected to DB[39m
2023-01-12T06:21:49.800Z|-|[34mdebug[39m|-|[34mLogging initialized at debug level[39m
2023-01-12T06:21:53.240Z|-|[32minfo[39m|-|[32mApp is running at http://localhost:3001 in development mode[39m
2023-01-12T06:21:53.243Z|-|[32minfo[39m|-|[32mPress CTRL-C to stop[39m
2023-01-12T06:21:53.462Z|-|[32minfo[39m|-|[32mConnected to DB[39m
2023-01-12T06:22:13.224Z|-|[34mdebug[39m|-|[34mLogging initialized at debug level[39m
2023-01-12T06:22:15.088Z|-|[32minfo[39m|-|[32mApp is running at http://localhost:3001 in development mode[39m
2023-01-12T06:22:15.089Z|-|[32minfo[39m|-|[32mPress CTRL-C to stop[39m
2023-01-12T06:22:15.391Z|-|[32minfo[39m|-|[32mConnected to DB[39m
2023-01-12T06:22:16.852Z|-|[34mdebug[39m|-|[34mLogging initialized at debug level[39m
2023-01-12T06:22:18.995Z|-|[32minfo[39m|-|[32mApp is running at http://localhost:3001 in development mode[39m
2023-01-12T06:22:18.999Z|-|[32minfo[39m|-|[32mPress CTRL-C to stop[39m
2023-01-12T06:22:19.279Z|-|[32minfo[39m|-|[32mConnected to DB[39m
2023-01-12T06:22:37.073Z|-|[34mdebug[39m|-|[34mLogging initialized at debug level[39m
2023-01-12T06:22:39.636Z|-|[32minfo[39m|-|[32mApp is running at http://localhost:3001 in development mode[39m
2023-01-12T06:22:39.640Z|-|[32minfo[39m|-|[32mPress CTRL-C to stop[39m
2023-01-12T06:22:39.834Z|-|[32minfo[39m|-|[32mConnected to DB[39m
2023-01-12T06:22:49.935Z|-|[34mdebug[39m|-|[34mLogging initialized at debug level[39m
2023-01-12T06:22:52.494Z|-|[32minfo[39m|-|[32mApp is running at http://localhost:3001 in development mode[39m
2023-01-12T06:22:52.497Z|-|[32minfo[39m|-|[32mPress CTRL-C to stop[39m
2023-01-12T06:22:52.699Z|-|[32minfo[39m|-|[32mConnected to DB[39m
2023-01-12T06:23:03.382Z|-|[34mdebug[39m|-|[34mLogging initialized at debug level[39m
2023-01-12T06:23:06.669Z|-|[32minfo[39m|-|[32mApp is running at http://localhost:3001 in development mode[39m
2023-01-12T06:23:06.669Z|-|[32minfo[39m|-|[32mPress CTRL-C to stop[39m
2023-01-12T06:23:06.888Z|-|[32minfo[39m|-|[32mConnected to DB[39m
2023-01-12T06:23:23.447Z|-|[34mdebug[39m|-|[34mLogging initialized at debug level[39m
2023-01-12T06:23:25.850Z|-|[32minfo[39m|-|[32mApp is running at http://localhost:3001 in development mode[39m
2023-01-12T06:23:25.851Z|-|[32minfo[39m|-|[32mPress CTRL-C to stop[39m
2023-01-12T06:23:26.098Z|-|[32minfo[39m|-|[32mConnected to DB[39m
2023-01-12T06:23:38.730Z|-|[34mdebug[39m|-|[34mLogging initialized at debug level[39m
2023-01-12T06:23:42.921Z|-|[32minfo[39m|-|[32mApp is running at http://localhost:3001 in development mode[39m
2023-01-12T06:23:42.921Z|-|[32minfo[39m|-|[32mPress CTRL-C to stop[39m
2023-01-12T06:23:43.157Z|-|[32minfo[39m|-|[32mConnected to DB[39m
2023-01-12T06:23:49.442Z|-|[34mdebug[39m|-|[34mLogging initialized at debug level[39m
2023-01-12T06:23:54.574Z|-|[32minfo[39m|-|[32mApp is running at http://localhost:3001 in development mode[39m
2023-01-12T06:23:54.575Z|-|[32minfo[39m|-|[32mPress CTRL-C to stop[39m
2023-01-12T06:23:54.779Z|-|[32minfo[39m|-|[32mConnected to DB[39m
2023-01-12T06:24:39.361Z|-|[34mdebug[39m|-|[34mLogging initialized at debug level[39m
2023-01-12T06:24:41.969Z|-|[32minfo[39m|-|[32mApp is running at http://localhost:3001 in development mode[39m
2023-01-12T06:24:41.970Z|-|[32minfo[39m|-|[32mPress CTRL-C to stop[39m
2023-01-12T06:24:42.231Z|-|[32minfo[39m|-|[32mConnected to DB[39m
2023-01-12T06:25:16.628Z|-|[34mdebug[39m|-|[34mLogging initialized at debug level[39m
2023-01-12T06:25:20.089Z|-|[32minfo[39m|-|[32mApp is running at http://localhost:3001 in development mode[39m
2023-01-12T06:25:20.089Z|-|[32minfo[39m|-|[32mPress CTRL-C to stop[39m
2023-01-12T06:25:20.496Z|-|[32minfo[39m|-|[32mConnected to DB[39m
2023-01-12T06:25:23.612Z|-|[34mdebug[39m|-|[34mLogging initialized at debug level[39m
2023-01-12T06:25:27.562Z|-|[32minfo[39m|-|[32mApp is running at http://localhost:3001 in development mode[39m
2023-01-12T06:25:27.563Z|-|[32minfo[39m|-|[32mPress CTRL-C to stop[39m
2023-01-12T06:25:27.931Z|-|[32minfo[39m|-|[32mConnected to DB[39m
2023-01-12T06:25:36.692Z|-|[34mdebug[39m|-|[34mLogging initialized at debug level[39m
2023-01-12T06:25:40.000Z|-|[32minfo[39m|-|[32mApp is running at http://localhost:3001 in development mode[39m
2023-01-12T06:25:40.002Z|-|[32minfo[39m|-|[32mPress CTRL-C to stop[39m
2023-01-12T06:25:40.262Z|-|[32minfo[39m|-|[32mConnected to DB[39m
2023-01-12T06:25:41.031Z|-|[34mdebug[39m|-|[34mLogging initialized at debug level[39m
2023-01-12T06:25:43.461Z|-|[32minfo[39m|-|[32mApp is running at http://localhost:3001 in development mode[39m
2023-01-12T06:25:43.463Z|-|[32minfo[39m|-|[32mPress CTRL-C to stop[39m
2023-01-12T06:25:43.673Z|-|[32minfo[39m|-|[32mConnected to DB[39m
2023-01-12T06:25:47.105Z|-|[34mdebug[39m|-|[34mLogging initialized at debug level[39m
2023-01-12T06:25:50.229Z|-|[32minfo[39m|-|[32mApp is running at http://localhost:3001 in development mode[39m
2023-01-12T06:25:50.232Z|-|[32minfo[39m|-|[32mPress CTRL-C to stop[39m
2023-01-12T06:25:50.557Z|-|[32minfo[39m|-|[32mConnected to DB[39m
2023-01-12T06:25:54.004Z|-|[34mdebug[39m|-|[34mLogging initialized at debug level[39m
2023-01-12T06:25:57.212Z|-|[32minfo[39m|-|[32mApp is running at http://localhost:3001 in development mode[39m
2023-01-12T06:25:57.213Z|-|[32minfo[39m|-|[32mPress CTRL-C to stop[39m
2023-01-12T06:25:57.425Z|-|[32minfo[39m|-|[32mConnected to DB[39m
2023-01-12T06:27:41.828Z|-|[34mdebug[39m|-|[34mLogging initialized at debug level[39m
2023-01-12T06:27:45.803Z|-|[32minfo[39m|-|[32mApp is running at http://localhost:3001 in development mode[39m
2023-01-12T06:27:45.808Z|-|[32minfo[39m|-|[32mPress CTRL-C to stop[39m
2023-01-12T06:27:46.220Z|-|[34mdebug[39m|-|[34mLogging initialized at debug level[39m
2023-01-12T06:27:49.312Z|-|[32minfo[39m|-|[32mApp is running at http://localhost:3001 in development mode[39m
2023-01-12T06:27:49.312Z|-|[32minfo[39m|-|[32mPress CTRL-C to stop[39m
2023-01-12T06:27:49.530Z|-|[32minfo[39m|-|[32mConnected to DB[39m
2023-01-12T06:27:52.612Z|-|[34mdebug[39m|-|[34mLogging initialized at debug level[39m
2023-01-12T06:27:56.588Z|-|[32minfo[39m|-|[32mApp is running at http://localhost:3001 in development mode[39m
2023-01-12T06:27:56.589Z|-|[32minfo[39m|-|[32mPress CTRL-C to stop[39m
2023-01-12T06:27:56.813Z|-|[32minfo[39m|-|[32mConnected to DB[39m
2023-01-12T06:31:07.167Z|-|[34mdebug[39m|-|[34mLogging initialized at debug level[39m
2023-01-12T06:31:09.337Z|-|[32minfo[39m|-|[32mApp is running at http://localhost:3001 in development mode[39m
2023-01-12T06:31:09.337Z|-|[32minfo[39m|-|[32mPress CTRL-C to stop[39m
2023-01-12T06:31:09.527Z|-|[32minfo[39m|-|[32mConnected to DB[39m
2023-01-12T06:31:18.403Z|-|[34mdebug[39m|-|[34mLogging initialized at debug level[39m
2023-01-12T06:31:21.682Z|-|[32minfo[39m|-|[32mApp is running at http://localhost:3001 in development mode[39m
2023-01-12T06:31:21.684Z|-|[32minfo[39m|-|[32mPress CTRL-C to stop[39m
2023-01-12T06:31:21.954Z|-|[32minfo[39m|-|[32mConnected to DB[39m
2023-01-12T06:31:33.254Z|-|[34mdebug[39m|-|[34mLogging initialized at debug level[39m
2023-01-12T06:31:35.544Z|-|[32minfo[39m|-|[32mApp is running at http://localhost:3001 in development mode[39m
2023-01-12T06:31:35.546Z|-|[32minfo[39m|-|[32mPress CTRL-C to stop[39m
2023-01-12T06:31:35.775Z|-|[32minfo[39m|-|[32mConnected to DB[39m
2023-01-12T06:31:40.058Z|-|[34mdebug[39m|-|[34mLogging initialized at debug level[39m
2023-01-12T06:31:42.411Z|-|[32minfo[39m|-|[32mApp is running at http://localhost:3001 in development mode[39m
2023-01-12T06:31:42.412Z|-|[32minfo[39m|-|[32mPress CTRL-C to stop[39m
2023-01-12T06:31:42.578Z|-|[32minfo[39m|-|[32mConnected to DB[39m
2023-01-12T06:31:43.368Z|-|[34mdebug[39m|-|[34mLogging initialized at debug level[39m
2023-01-12T06:31:45.506Z|-|[32minfo[39m|-|[32mApp is running at http://localhost:3001 in development mode[39m
2023-01-12T06:31:45.507Z|-|[32minfo[39m|-|[32mPress CTRL-C to stop[39m
2023-01-12T06:31:45.665Z|-|[32minfo[39m|-|[32mConnected to DB[39m
2023-01-12T06:31:49.796Z|-|[34mdebug[39m|-|[34mLogging initialized at debug level[39m
2023-01-12T06:31:51.668Z|-|[32minfo[39m|-|[32mApp is running at http://localhost:3001 in development mode[39m
2023-01-12T06:31:51.670Z|-|[32minfo[39m|-|[32mPress CTRL-C to stop[39m
2023-01-12T06:31:51.904Z|-|[32minfo[39m|-|[32mConnected to DB[39m
2023-01-12T07:04:47.914Z|-|[34mdebug[39m|-|[34mLogging initialized at debug level[39m
2023-01-12T07:04:50.384Z|-|[32minfo[39m|-|[32mApp is running at http://localhost:3001 in development mode[39m
2023-01-12T07:04:50.386Z|-|[32minfo[39m|-|[32mPress CTRL-C to stop[39m
2023-01-12T07:04:50.652Z|-|[32minfo[39m|-|[32mConnected to DB[39m
2023-01-12T07:04:54.136Z|-|[34mdebug[39m|-|[34mLogging initialized at debug level[39m
2023-01-12T07:04:58.718Z|-|[32minfo[39m|-|[32mApp is running at http://localhost:3001 in development mode[39m
2023-01-12T07:04:58.719Z|-|[32minfo[39m|-|[32mPress CTRL-C to stop[39m
2023-01-12T07:04:58.999Z|-|[32minfo[39m|-|[32mConnected to DB[39m
2023-01-12T07:05:17.164Z|-|[34mdebug[39m|-|[34mLogging initialized at debug level[39m
2023-01-12T07:05:19.874Z|-|[32minfo[39m|-|[32mApp is running at http://localhost:3001 in development mode[39m
2023-01-12T07:05:19.875Z|-|[32minfo[39m|-|[32mPress CTRL-C to stop[39m
2023-01-12T07:05:20.187Z|-|[32minfo[39m|-|[32mConnected to DB[39m
2023-01-12T07:05:22.045Z|-|[34mdebug[39m|-|[34mLogging initialized at debug level[39m
2023-01-12T07:05:24.634Z|-|[32minfo[39m|-|[32mApp is running at http://localhost:3001 in development mode[39m
2023-01-12T07:05:24.636Z|-|[32minfo[39m|-|[32mPress CTRL-C to stop[39m
2023-01-12T07:05:24.873Z|-|[32minfo[39m|-|[32mConnected to DB[39m
2023-01-12T07:05:32.141Z|-|[34mdebug[39m|-|[34mLogging initialized at debug level[39m
2023-01-12T07:05:36.552Z|-|[32minfo[39m|-|[32mApp is running at http://localhost:3001 in development mode[39m
2023-01-12T07:05:36.554Z|-|[32minfo[39m|-|[32mPress CTRL-C to stop[39m
2023-01-12T07:05:37.345Z|-|[32minfo[39m|-|[32mConnected to DB[39m
2023-01-12T07:05:45.197Z|-|[34mdebug[39m|-|[34mLogging initialized at debug level[39m
2023-01-12T07:05:47.554Z|-|[32minfo[39m|-|[32mApp is running at http://localhost:3001 in development mode[39m
2023-01-12T07:05:47.555Z|-|[32minfo[39m|-|[32mPress CTRL-C to stop[39m
2023-01-12T07:05:47.913Z|-|[32minfo[39m|-|[32mConnected to DB[39m
2023-01-12T07:05:52.624Z|-|[34mdebug[39m|-|[34mLogging initialized at debug level[39m
2023-01-12T07:05:54.660Z|-|[32minfo[39m|-|[32mApp is running at http://localhost:3001 in development mode[39m
2023-01-12T07:05:54.662Z|-|[32minfo[39m|-|[32mPress CTRL-C to stop[39m
2023-01-12T07:05:55.094Z|-|[32minfo[39m|-|[32mConnected to DB[39m
2023-01-12T07:05:55.572Z|-|[34mdebug[39m|-|[34mLogging initialized at debug level[39m
2023-01-12T07:05:58.716Z|-|[32minfo[39m|-|[32mApp is running at http://localhost:3001 in development mode[39m
2023-01-12T07:05:58.718Z|-|[32minfo[39m|-|[32mPress CTRL-C to stop[39m
2023-01-12T07:05:58.928Z|-|[32minfo[39m|-|[32mConnected to DB[39m
2023-01-12T07:06:07.472Z|-|[34mdebug[39m|-|[34mLogging initialized at debug level[39m
2023-01-12T07:06:10.802Z|-|[32minfo[39m|-|[32mApp is running at http://localhost:3001 in development mode[39m
2023-01-12T07:06:10.803Z|-|[32minfo[39m|-|[32mPress CTRL-C to stop[39m
2023-01-12T07:06:11.005Z|-|[32minfo[39m|-|[32mConnected to DB[39m
2023-01-12T07:07:15.032Z|-|[34mdebug[39m|-|[34mLogging initialized at debug level[39m
2023-01-12T07:07:17.580Z|-|[32minfo[39m|-|[32mApp is running at http://localhost:3001 in development mode[39m
2023-01-12T07:07:17.581Z|-|[32minfo[39m|-|[32mPress CTRL-C to stop[39m
2023-01-12T07:07:18.011Z|-|[32minfo[39m|-|[32mConnected to DB[39m
2023-01-12T07:07:27.303Z|-|[34mdebug[39m|-|[34mLogging initialized at debug level[39m
2023-01-12T07:07:29.524Z|-|[32minfo[39m|-|[32mApp is running at http://localhost:3001 in development mode[39m
2023-01-12T07:07:29.525Z|-|[32minfo[39m|-|[32mPress CTRL-C to stop[39m
2023-01-12T07:07:29.732Z|-|[32minfo[39m|-|[32mConnected to DB[39m
2023-01-12T07:07:31.648Z|-|[34mdebug[39m|-|[34mLogging initialized at debug level[39m
2023-01-12T07:07:34.541Z|-|[32minfo[39m|-|[32mApp is running at http://localhost:3001 in development mode[39m
2023-01-12T07:07:34.542Z|-|[32minfo[39m|-|[32mPress CTRL-C to stop[39m
2023-01-12T07:07:34.716Z|-|[32minfo[39m|-|[32mConnected to DB[39m
2023-01-12T07:07:40.228Z|-|[34mdebug[39m|-|[34mLogging initialized at debug level[39m
2023-01-12T07:07:42.490Z|-|[32minfo[39m|-|[32mApp is running at http://localhost:3001 in development mode[39m
2023-01-12T07:07:42.491Z|-|[32minfo[39m|-|[32mPress CTRL-C to stop[39m
2023-01-12T07:07:42.655Z|-|[31merror[39m|-|[31mNot Connected to DB[39m
2023-01-12T07:07:42.657Z|-|[31merror[39m|-|[31mawait is only valid in async function[39m
2023-01-12T07:07:48.018Z|-|[34mdebug[39m|-|[34mLogging initialized at debug level[39m
2023-01-12T07:07:50.252Z|-|[32minfo[39m|-|[32mApp is running at http://localhost:3001 in development mode[39m
2023-01-12T07:07:50.252Z|-|[32minfo[39m|-|[32mPress CTRL-C to stop[39m
2023-01-12T07:07:50.433Z|-|[31merror[39m|-|[31mNot Connected to DB[39m
2023-01-12T07:07:50.434Z|-|[31merror[39m|-|[31mawait is only valid in async function[39m
2023-01-12T07:08:01.789Z|-|[34mdebug[39m|-|[34mLogging initialized at debug level[39m
2023-01-12T07:08:04.554Z|-|[32minfo[39m|-|[32mApp is running at http://localhost:3001 in development mode[39m
2023-01-12T07:08:04.555Z|-|[32minfo[39m|-|[32mPress CTRL-C to stop[39m
2023-01-12T07:08:04.787Z|-|[31merror[39m|-|[31mNot Connected to DB[39m
2023-01-12T07:08:04.788Z|-|[31merror[39m|-|[31mawait is only valid in async function[39m
2023-01-12T07:08:15.044Z|-|[34mdebug[39m|-|[34mLogging initialized at debug level[39m
2023-01-12T07:08:17.401Z|-|[32minfo[39m|-|[32mApp is running at http://localhost:3001 in development mode[39m
2023-01-12T07:08:17.402Z|-|[32minfo[39m|-|[32mPress CTRL-C to stop[39m
2023-01-12T07:08:17.589Z|-|[31merror[39m|-|[31mNot Connected to DB[39m
2023-01-12T07:08:17.590Z|-|[31merror[39m|-|[31mawait is only valid in async function[39m
2023-01-12T07:08:42.578Z|-|[34mdebug[39m|-|[34mLogging initialized at debug level[39m
2023-01-12T07:08:45.617Z|-|[32minfo[39m|-|[32mApp is running at http://localhost:3001 in development mode[39m
2023-01-12T07:08:45.617Z|-|[32minfo[39m|-|[32mPress CTRL-C to stop[39m
2023-01-12T07:08:45.745Z|-|[31merror[39m|-|[31mNot Connected to DB[39m
2023-01-12T07:08:45.746Z|-|[31merror[39m|-|[31mawait is only valid in async function[39m
2023-01-12T07:08:50.869Z|-|[34mdebug[39m|-|[34mLogging initialized at debug level[39m
2023-01-12T07:08:53.183Z|-|[32minfo[39m|-|[32mApp is running at http://localhost:3001 in development mode[39m
2023-01-12T07:08:53.183Z|-|[32minfo[39m|-|[32mPress CTRL-C to stop[39m
2023-01-12T07:08:53.403Z|-|[31merror[39m|-|[31mNot Connected to DB[39m
2023-01-12T07:08:53.405Z|-|[31merror[39m|-|[31mawait is only valid in async function[39m
2023-01-12T07:08:57.341Z|-|[34mdebug[39m|-|[34mLogging initialized at debug level[39m
2023-01-12T07:08:59.763Z|-|[32minfo[39m|-|[32mApp is running at http://localhost:3001 in development mode[39m
2023-01-12T07:08:59.765Z|-|[32minfo[39m|-|[32mPress CTRL-C to stop[39m
2023-01-12T07:09:00.357Z|-|[32minfo[39m|-|[32mConnected to DB[39m
2023-01-12T07:09:15.797Z|-|[34mdebug[39m|-|[34mLogging initialized at debug level[39m
2023-01-12T07:09:18.236Z|-|[32minfo[39m|-|[32mApp is running at http://localhost:3001 in development mode[39m
2023-01-12T07:09:18.237Z|-|[32minfo[39m|-|[32mPress CTRL-C to stop[39m
2023-01-12T07:09:18.466Z|-|[32minfo[39m|-|[32mConnected to DB[39m
2023-01-12T07:09:43.072Z|-|[34mdebug[39m|-|[34mLogging initialized at debug level[39m
2023-01-12T07:09:45.196Z|-|[32minfo[39m|-|[32mApp is running at http://localhost:3001 in development mode[39m
2023-01-12T07:09:45.197Z|-|[32minfo[39m|-|[32mPress CTRL-C to stop[39m
2023-01-12T07:09:45.370Z|-|[32minfo[39m|-|[32mConnected to DB[39m
2023-01-12T07:10:28.333Z|-|[34mdebug[39m|-|[34mLogging initialized at debug level[39m
2023-01-12T07:10:30.204Z|-|[32minfo[39m|-|[32mApp is running at http://localhost:3001 in development mode[39m
2023-01-12T07:10:30.206Z|-|[32minfo[39m|-|[32mPress CTRL-C to stop[39m
2023-01-12T07:10:30.392Z|-|[32minfo[39m|-|[32mConnected to DB[39m
2023-01-12T07:10:36.515Z|-|[34mdebug[39m|-|[34mLogging initialized at debug level[39m
2023-01-12T07:10:38.405Z|-|[32minfo[39m|-|[32mApp is running at http://localhost:3001 in development mode[39m
2023-01-12T07:10:38.405Z|-|[32minfo[39m|-|[32mPress CTRL-C to stop[39m
2023-01-12T07:10:38.608Z|-|[32minfo[39m|-|[32mConnected to DB[39m
2023-01-12T07:10:51.395Z|-|[34mdebug[39m|-|[34mLogging initialized at debug level[39m
2023-01-12T07:10:53.669Z|-|[32minfo[39m|-|[32mApp is running at http://localhost:3001 in development mode[39m
2023-01-12T07:10:53.670Z|-|[32minfo[39m|-|[32mPress CTRL-C to stop[39m
2023-01-12T07:10:53.891Z|-|[32minfo[39m|-|[32mConnected to DB[39m
2023-01-12T07:11:04.512Z|-|[34mdebug[39m|-|[34mLogging initialized at debug level[39m
2023-01-12T07:11:06.741Z|-|[32minfo[39m|-|[32mApp is running at http://localhost:3001 in development mode[39m
2023-01-12T07:11:06.742Z|-|[32minfo[39m|-|[32mPress CTRL-C to stop[39m
2023-01-12T07:11:07.177Z|-|[32minfo[39m|-|[32mConnected to DB[39m
2023-01-12T07:11:11.992Z|-|[34mdebug[39m|-|[34mLogging initialized at debug level[39m
2023-01-12T07:11:13.701Z|-|[32minfo[39m|-|[32mApp is running at http://localhost:3001 in development mode[39m
2023-01-12T07:11:13.702Z|-|[32minfo[39m|-|[32mPress CTRL-C to stop[39m
2023-01-12T07:11:13.884Z|-|[32minfo[39m|-|[32mConnected to DB[39m
2023-01-12T07:11:33.236Z|-|[34mdebug[39m|-|[34mLogging initialized at debug level[39m
2023-01-12T07:11:35.539Z|-|[32minfo[39m|-|[32mApp is running at http://localhost:3001 in development mode[39m
2023-01-12T07:11:35.540Z|-|[32minfo[39m|-|[32mPress CTRL-C to stop[39m
2023-01-12T07:11:35.732Z|-|[32minfo[39m|-|[32mConnected to DB[39m
2023-01-12T07:11:50.678Z|-|[34mdebug[39m|-|[34mLogging initialized at debug level[39m
2023-01-12T07:11:53.247Z|-|[32minfo[39m|-|[32mApp is running at http://localhost:3001 in development mode[39m
2023-01-12T07:11:53.249Z|-|[32minfo[39m|-|[32mPress CTRL-C to stop[39m
2023-01-12T07:11:53.428Z|-|[32minfo[39m|-|[32mConnected to DB[39m
2023-01-12T07:13:26.805Z|-|[34mdebug[39m|-|[34mLogging initialized at debug level[39m
2023-01-12T07:13:29.249Z|-|[32minfo[39m|-|[32mApp is running at http://localhost:3001 in development mode[39m
2023-01-12T07:13:29.251Z|-|[32minfo[39m|-|[32mPress CTRL-C to stop[39m
2023-01-12T07:13:30.523Z|-|[32minfo[39m|-|[32mConnected to DB[39m
2023-01-12T07:13:32.285Z|-|[34mdebug[39m|-|[34mLogging initialized at debug level[39m
2023-01-12T07:13:34.768Z|-|[32minfo[39m|-|[32mApp is running at http://localhost:3001 in development mode[39m
2023-01-12T07:13:34.769Z|-|[32minfo[39m|-|[32mPress CTRL-C to stop[39m
2023-01-12T07:13:35.114Z|-|[32minfo[39m|-|[32mConnected to DB[39m
2023-01-12T07:13:44.745Z|-|[34mdebug[39m|-|[34mLogging initialized at debug level[39m
2023-01-12T07:13:47.021Z|-|[32minfo[39m|-|[32mApp is running at http://localhost:3001 in development mode[39m
2023-01-12T07:13:47.022Z|-|[32minfo[39m|-|[32mPress CTRL-C to stop[39m
2023-01-12T07:13:47.221Z|-|[32minfo[39m|-|[32mConnected to DB[39m
2023-01-12T07:14:05.904Z|-|[34mdebug[39m|-|[34mLogging initialized at debug level[39m
2023-01-12T07:14:09.023Z|-|[32minfo[39m|-|[32mApp is running at http://localhost:3001 in development mode[39m
2023-01-12T07:14:09.025Z|-|[32minfo[39m|-|[32mPress CTRL-C to stop[39m
2023-01-12T07:14:09.221Z|-|[32minfo[39m|-|[32mConnected to DB[39m
2023-01-12T07:14:18.315Z|-|[34mdebug[39m|-|[34mLogging initialized at debug level[39m
2023-01-12T07:14:20.572Z|-|[32minfo[39m|-|[32mApp is running at http://localhost:3001 in development mode[39m
2023-01-12T07:14:20.573Z|-|[32minfo[39m|-|[32mPress CTRL-C to stop[39m
2023-01-12T07:14:20.771Z|-|[32minfo[39m|-|[32mConnected to DB[39m
2023-01-12T07:14:29.632Z|-|[34mdebug[39m|-|[34mLogging initialized at debug level[39m
2023-01-12T07:14:32.570Z|-|[32minfo[39m|-|[32mApp is running at http://localhost:3001 in development mode[39m
2023-01-12T07:14:32.571Z|-|[32minfo[39m|-|[32mPress CTRL-C to stop[39m
2023-01-12T07:14:38.900Z|-|[34mdebug[39m|-|[34mLogging initialized at debug level[39m
2023-01-12T07:14:41.695Z|-|[32minfo[39m|-|[32mApp is running at http://localhost:3001 in development mode[39m
2023-01-12T07:14:41.696Z|-|[32minfo[39m|-|[32mPress CTRL-C to stop[39m
2023-01-12T07:14:41.986Z|-|[32minfo[39m|-|[32mConnected to DB[39m
2023-01-12T07:14:50.442Z|-|[34mdebug[39m|-|[34mLogging initialized at debug level[39m
2023-01-12T07:14:53.092Z|-|[32minfo[39m|-|[32mApp is running at http://localhost:3001 in development mode[39m
2023-01-12T07:14:53.093Z|-|[32minfo[39m|-|[32mPress CTRL-C to stop[39m
2023-01-12T07:14:53.276Z|-|[32minfo[39m|-|[32mConnected to DB[39m
2023-01-12T07:15:01.011Z|-|[34mdebug[39m|-|[34mLogging initialized at debug level[39m
2023-01-12T07:15:04.037Z|-|[32minfo[39m|-|[32mApp is running at http://localhost:3001 in development mode[39m
2023-01-12T07:15:04.043Z|-|[32minfo[39m|-|[32mPress CTRL-C to stop[39m
2023-01-12T07:15:04.354Z|-|[32minfo[39m|-|[32mConnected to DB[39m
2023-01-12T07:15:09.871Z|-|[34mdebug[39m|-|[34mLogging initialized at debug level[39m
2023-01-12T07:15:13.209Z|-|[32minfo[39m|-|[32mApp is running at http://localhost:3001 in development mode[39m
2023-01-12T07:15:13.214Z|-|[32minfo[39m|-|[32mPress CTRL-C to stop[39m
2023-01-12T07:15:14.273Z|-|[32minfo[39m|-|[32mConnected to DB[39m
2023-01-12T07:15:18.923Z|-|[34mdebug[39m|-|[34mLogging initialized at debug level[39m
2023-01-12T07:15:21.570Z|-|[32minfo[39m|-|[32mApp is running at http://localhost:3001 in development mode[39m
2023-01-12T07:15:21.571Z|-|[32minfo[39m|-|[32mPress CTRL-C to stop[39m
2023-01-12T07:15:21.967Z|-|[32minfo[39m|-|[32mConnected to DB[39m
2023-01-12T07:15:22.959Z|-|[34mdebug[39m|-|[34mLogging initialized at debug level[39m
2023-01-12T07:15:26.092Z|-|[32minfo[39m|-|[32mApp is running at http://localhost:3001 in development mode[39m
2023-01-12T07:15:26.093Z|-|[32minfo[39m|-|[32mPress CTRL-C to stop[39m
2023-01-12T07:15:26.302Z|-|[32minfo[39m|-|[32mConnected to DB[39m
2023-01-12T07:15:39.131Z|-|[34mdebug[39m|-|[34mLogging initialized at debug level[39m
2023-01-12T07:15:41.746Z|-|[32minfo[39m|-|[32mApp is running at http://localhost:3001 in development mode[39m
2023-01-12T07:15:41.746Z|-|[32minfo[39m|-|[32mPress CTRL-C to stop[39m
2023-01-12T07:15:42.097Z|-|[32minfo[39m|-|[32mConnected to DB[39m
2023-01-12T07:15:44.359Z|-|[34mdebug[39m|-|[34mLogging initialized at debug level[39m
2023-01-12T07:15:47.112Z|-|[32minfo[39m|-|[32mApp is running at http://localhost:3001 in development mode[39m
2023-01-12T07:15:47.112Z|-|[32minfo[39m|-|[32mPress CTRL-C to stop[39m
2023-01-12T07:15:47.645Z|-|[34mdebug[39m|-|[34mLogging initialized at debug level[39m
2023-01-12T07:15:49.719Z|-|[32minfo[39m|-|[32mApp is running at http://localhost:3001 in development mode[39m
2023-01-12T07:15:49.721Z|-|[32minfo[39m|-|[32mPress CTRL-C to stop[39m
2023-01-12T07:15:49.898Z|-|[32minfo[39m|-|[32mConnected to DB[39m
2023-01-12T07:16:01.278Z|-|[34mdebug[39m|-|[34mLogging initialized at debug level[39m
2023-01-12T07:16:03.684Z|-|[32minfo[39m|-|[32mApp is running at http://localhost:3001 in development mode[39m
2023-01-12T07:16:03.684Z|-|[32minfo[39m|-|[32mPress CTRL-C to stop[39m
2023-01-12T07:16:03.990Z|-|[32minfo[39m|-|[32mConnected to DB[39m
2023-01-12T07:16:07.179Z|-|[34mdebug[39m|-|[34mLogging initialized at debug level[39m
2023-01-12T07:16:09.486Z|-|[32minfo[39m|-|[32mApp is running at http://localhost:3001 in development mode[39m
2023-01-12T07:16:09.486Z|-|[32minfo[39m|-|[32mPress CTRL-C to stop[39m
2023-01-12T07:16:09.751Z|-|[32minfo[39m|-|[32mConnected to DB[39m
2023-01-12T07:16:12.789Z|-|[34mdebug[39m|-|[34mLogging initialized at debug level[39m
2023-01-12T07:16:15.152Z|-|[32minfo[39m|-|[32mApp is running at http://localhost:3001 in development mode[39m
2023-01-12T07:16:15.152Z|-|[32minfo[39m|-|[32mPress CTRL-C to stop[39m
2023-01-12T07:16:15.400Z|-|[32minfo[39m|-|[32mConnected to DB[39m
2023-01-12T07:16:19.840Z|-|[34mdebug[39m|-|[34mLogging initialized at debug level[39m
2023-01-12T07:16:22.160Z|-|[32minfo[39m|-|[32mApp is running at http://localhost:3001 in development mode[39m
2023-01-12T07:16:22.164Z|-|[32minfo[39m|-|[32mPress CTRL-C to stop[39m
2023-01-12T07:16:22.377Z|-|[32minfo[39m|-|[32mConnected to DB[39m
2023-01-12T07:16:26.319Z|-|[34mdebug[39m|-|[34mLogging initialized at debug level[39m
2023-01-12T07:16:28.556Z|-|[32minfo[39m|-|[32mApp is running at http://localhost:3001 in development mode[39m
2023-01-12T07:16:28.558Z|-|[32minfo[39m|-|[32mPress CTRL-C to stop[39m
2023-01-12T07:16:28.791Z|-|[32minfo[39m|-|[32mConnected to DB[39m
2023-01-12T07:16:36.956Z|-|[34mdebug[39m|-|[34mLogging initialized at debug level[39m
2023-01-12T07:16:38.968Z|-|[32minfo[39m|-|[32mApp is running at http://localhost:3001 in development mode[39m
2023-01-12T07:16:38.969Z|-|[32minfo[39m|-|[32mPress CTRL-C to stop[39m
2023-01-12T07:16:39.209Z|-|[32minfo[39m|-|[32mConnected to DB[39m
2023-01-12T07:16:39.701Z|-|[34mdebug[39m|-|[34mLogging initialized at debug level[39m
2023-01-12T07:16:41.983Z|-|[32minfo[39m|-|[32mApp is running at http://localhost:3001 in development mode[39m
2023-01-12T07:16:41.984Z|-|[32minfo[39m|-|[32mPress CTRL-C to stop[39m
2023-01-12T07:16:42.244Z|-|[32minfo[39m|-|[32mConnected to DB[39m
2023-01-12T07:17:21.626Z|-|[34mdebug[39m|-|[34mLogging initialized at debug level[39m
2023-01-12T07:17:23.870Z|-|[32minfo[39m|-|[32mApp is running at http://localhost:3001 in development mode[39m
2023-01-12T07:17:23.872Z|-|[32minfo[39m|-|[32mPress CTRL-C to stop[39m
2023-01-12T07:17:24.070Z|-|[32minfo[39m|-|[32mConnected to DB[39m
2023-01-12T07:17:32.792Z|-|[34mdebug[39m|-|[34mLogging initialized at debug level[39m
2023-01-12T07:17:35.139Z|-|[32minfo[39m|-|[32mApp is running at http://localhost:3001 in development mode[39m
2023-01-12T07:17:35.140Z|-|[32minfo[39m|-|[32mPress CTRL-C to stop[39m
2023-01-12T07:17:35.371Z|-|[32minfo[39m|-|[32mConnected to DB[39m
2023-01-12T07:17:48.967Z|-|[34mdebug[39m|-|[34mLogging initialized at debug level[39m
2023-01-12T07:17:51.036Z|-|[32minfo[39m|-|[32mApp is running at http://localhost:3001 in development mode[39m
2023-01-12T07:17:51.036Z|-|[32minfo[39m|-|[32mPress CTRL-C to stop[39m
2023-01-12T07:17:51.275Z|-|[32minfo[39m|-|[32mConnected to DB[39m
2023-01-12T07:17:57.550Z|-|[34mdebug[39m|-|[34mLogging initialized at debug level[39m
2023-01-12T07:17:59.889Z|-|[32minfo[39m|-|[32mApp is running at http://localhost:3001 in development mode[39m
2023-01-12T07:17:59.894Z|-|[32minfo[39m|-|[32mPress CTRL-C to stop[39m
2023-01-12T07:18:00.199Z|-|[34mdebug[39m|-|[34mLogging initialized at debug level[39m
2023-01-12T07:18:02.496Z|-|[32minfo[39m|-|[32mApp is running at http://localhost:3001 in development mode[39m
2023-01-12T07:18:02.497Z|-|[32minfo[39m|-|[32mPress CTRL-C to stop[39m
2023-01-12T07:18:02.737Z|-|[32minfo[39m|-|[32mConnected to DB[39m
2023-01-12T07:18:14.714Z|-|[34mdebug[39m|-|[34mLogging initialized at debug level[39m
2023-01-12T07:18:17.829Z|-|[32minfo[39m|-|[32mApp is running at http://localhost:3001 in development mode[39m
2023-01-12T07:18:17.829Z|-|[32minfo[39m|-|[32mPress CTRL-C to stop[39m
2023-01-12T07:18:18.027Z|-|[32minfo[39m|-|[32mConnected to DB[39m
2023-01-12T07:18:24.214Z|-|[34mdebug[39m|-|[34mLogging initialized at debug level[39m
2023-01-12T07:18:26.804Z|-|[32minfo[39m|-|[32mApp is running at http://localhost:3001 in development mode[39m
2023-01-12T07:18:26.805Z|-|[32minfo[39m|-|[32mPress CTRL-C to stop[39m
2023-01-12T07:18:27.006Z|-|[32minfo[39m|-|[32mConnected to DB[39m
2023-01-12T07:18:43.580Z|-|[34mdebug[39m|-|[34mLogging initialized at debug level[39m
2023-01-12T07:18:46.124Z|-|[32minfo[39m|-|[32mApp is running at http://localhost:3001 in development mode[39m
2023-01-12T07:18:46.126Z|-|[32minfo[39m|-|[32mPress CTRL-C to stop[39m
2023-01-12T07:18:46.549Z|-|[32minfo[39m|-|[32mConnected to DB[39m
2023-01-12T07:18:51.930Z|-|[34mdebug[39m|-|[34mLogging initialized at debug level[39m
2023-01-12T07:18:53.691Z|-|[32minfo[39m|-|[32mApp is running at http://localhost:3001 in development mode[39m
2023-01-12T07:18:53.693Z|-|[32minfo[39m|-|[32mPress CTRL-C to stop[39m
2023-01-12T07:18:53.896Z|-|[32minfo[39m|-|[32mConnected to DB[39m
2023-01-12T07:19:11.990Z|-|[34mdebug[39m|-|[34mLogging initialized at debug level[39m
2023-01-12T07:19:14.023Z|-|[32minfo[39m|-|[32mApp is running at http://localhost:3001 in development mode[39m
2023-01-12T07:19:14.025Z|-|[32minfo[39m|-|[32mPress CTRL-C to stop[39m
2023-01-12T07:19:14.233Z|-|[32minfo[39m|-|[32mConnected to DB[39m
2023-01-12T07:19:26.400Z|-|[34mdebug[39m|-|[34mLogging initialized at debug level[39m
2023-01-12T07:19:28.726Z|-|[32minfo[39m|-|[32mApp is running at http://localhost:3001 in development mode[39m
2023-01-12T07:19:28.726Z|-|[32minfo[39m|-|[32mPress CTRL-C to stop[39m
2023-01-12T07:19:28.933Z|-|[32minfo[39m|-|[32mConnected to DB[39m
2023-01-12T07:19:33.254Z|-|[34mdebug[39m|-|[34mLogging initialized at debug level[39m
2023-01-12T07:19:35.516Z|-|[32minfo[39m|-|[32mApp is running at http://localhost:3001 in development mode[39m
2023-01-12T07:19:35.517Z|-|[32minfo[39m|-|[32mPress CTRL-C to stop[39m
2023-01-12T07:19:35.710Z|-|[32minfo[39m|-|[32mConnected to DB[39m
2023-01-12T07:19:44.357Z|-|[34mdebug[39m|-|[34mLogging initialized at debug level[39m
2023-01-12T07:19:46.560Z|-|[32minfo[39m|-|[32mApp is running at http://localhost:3001 in development mode[39m
2023-01-12T07:19:46.562Z|-|[32minfo[39m|-|[32mPress CTRL-C to stop[39m
2023-01-12T07:19:46.894Z|-|[32minfo[39m|-|[32mConnected to DB[39m
2023-01-12T07:19:51.328Z|-|[34mdebug[39m|-|[34mLogging initialized at debug level[39m
2023-01-12T07:19:53.800Z|-|[32minfo[39m|-|[32mApp is running at http://localhost:3001 in development mode[39m
2023-01-12T07:19:53.800Z|-|[32minfo[39m|-|[32mPress CTRL-C to stop[39m
2023-01-12T07:19:54.097Z|-|[32minfo[39m|-|[32mConnected to DB[39m
2023-01-12T07:19:56.845Z|-|[34mdebug[39m|-|[34mLogging initialized at debug level[39m
2023-01-12T07:19:59.142Z|-|[32minfo[39m|-|[32mApp is running at http://localhost:3001 in development mode[39m
2023-01-12T07:19:59.143Z|-|[32minfo[39m|-|[32mPress CTRL-C to stop[39m
2023-01-12T07:19:59.343Z|-|[32minfo[39m|-|[32mConnected to DB[39m
2023-01-12T07:20:03.146Z|-|[34mdebug[39m|-|[34mLogging initialized at debug level[39m
2023-01-12T07:20:05.316Z|-|[32minfo[39m|-|[32mApp is running at http://localhost:3001 in development mode[39m
2023-01-12T07:20:05.317Z|-|[32minfo[39m|-|[32mPress CTRL-C to stop[39m
2023-01-12T07:20:05.719Z|-|[32minfo[39m|-|[32mConnected to DB[39m
2023-01-12T07:20:08.600Z|-|[34mdebug[39m|-|[34mLogging initialized at debug level[39m
2023-01-12T07:20:11.317Z|-|[32minfo[39m|-|[32mApp is running at http://localhost:3001 in development mode[39m
2023-01-12T07:20:11.318Z|-|[32minfo[39m|-|[32mPress CTRL-C to stop[39m
2023-01-12T07:20:11.542Z|-|[32minfo[39m|-|[32mConnected to DB[39m
2023-01-12T07:20:17.129Z|-|[34mdebug[39m|-|[34mLogging initialized at debug level[39m
2023-01-12T07:20:19.161Z|-|[32minfo[39m|-|[32mApp is running at http://localhost:3001 in development mode[39m
2023-01-12T07:20:19.162Z|-|[32minfo[39m|-|[32mPress CTRL-C to stop[39m
2023-01-12T07:20:19.348Z|-|[32minfo[39m|-|[32mConnected to DB[39m
2023-01-12T07:20:32.327Z|-|[34mdebug[39m|-|[34mLogging initialized at debug level[39m
2023-01-12T07:20:34.304Z|-|[32minfo[39m|-|[32mApp is running at http://localhost:3001 in development mode[39m
2023-01-12T07:20:34.305Z|-|[32minfo[39m|-|[32mPress CTRL-C to stop[39m
2023-01-12T07:20:34.539Z|-|[32minfo[39m|-|[32mConnected to DB[39m
2023-01-12T07:21:14.083Z|-|[34mdebug[39m|-|[34mLogging initialized at debug level[39m
2023-01-12T07:21:16.559Z|-|[32minfo[39m|-|[32mApp is running at http://localhost:3001 in development mode[39m
2023-01-12T07:21:16.560Z|-|[32minfo[39m|-|[32mPress CTRL-C to stop[39m
2023-01-12T07:21:16.852Z|-|[32minfo[39m|-|[32mConnected to DB[39m
2023-01-12T07:21:17.930Z|-|[34mdebug[39m|-|[34mLogging initialized at debug level[39m
2023-01-12T07:21:20.245Z|-|[32minfo[39m|-|[32mApp is running at http://localhost:3001 in development mode[39m
2023-01-12T07:21:20.246Z|-|[32minfo[39m|-|[32mPress CTRL-C to stop[39m
2023-01-12T07:21:20.500Z|-|[32minfo[39m|-|[32mConnected to DB[39m
2023-01-12T07:21:26.001Z|-|[34mdebug[39m|-|[34mLogging initialized at debug level[39m
2023-01-12T07:21:28.707Z|-|[32minfo[39m|-|[32mApp is running at http://localhost:3001 in development mode[39m
2023-01-12T07:21:28.708Z|-|[32minfo[39m|-|[32mPress CTRL-C to stop[39m
2023-01-12T07:21:29.217Z|-|[32minfo[39m|-|[32mConnected to DB[39m
2023-01-12T07:21:31.379Z|-|[34mdebug[39m|-|[34mLogging initialized at debug level[39m
2023-01-12T07:21:33.390Z|-|[32minfo[39m|-|[32mApp is running at http://localhost:3001 in development mode[39m
2023-01-12T07:21:33.392Z|-|[32minfo[39m|-|[32mPress CTRL-C to stop[39m
2023-01-12T07:21:33.595Z|-|[32minfo[39m|-|[32mConnected to DB[39m
2023-01-12T07:21:46.408Z|-|[34mdebug[39m|-|[34mLogging initialized at debug level[39m
2023-01-12T07:21:48.778Z|-|[32minfo[39m|-|[32mApp is running at http://localhost:3001 in development mode[39m
2023-01-12T07:21:48.779Z|-|[32minfo[39m|-|[32mPress CTRL-C to stop[39m
2023-01-12T07:21:48.968Z|-|[32minfo[39m|-|[32mConnected to DB[39m
2023-01-12T07:22:23.017Z|-|[34mdebug[39m|-|[34mLogging initialized at debug level[39m
2023-01-12T07:22:25.164Z|-|[32minfo[39m|-|[32mApp is running at http://localhost:3001 in development mode[39m
2023-01-12T07:22:25.167Z|-|[32minfo[39m|-|[32mPress CTRL-C to stop[39m
2023-01-12T07:22:25.589Z|-|[32minfo[39m|-|[32mConnected to DB[39m
2023-01-12T07:22:29.236Z|-|[34mdebug[39m|-|[34mLogging initialized at debug level[39m
2023-01-12T07:22:31.268Z|-|[32minfo[39m|-|[32mApp is running at http://localhost:3001 in development mode[39m
2023-01-12T07:22:31.269Z|-|[32minfo[39m|-|[32mPress CTRL-C to stop[39m
2023-01-12T07:22:31.459Z|-|[32minfo[39m|-|[32mConnected to DB[39m
2023-01-12T07:23:36.915Z|-|[34mdebug[39m|-|[34mLogging initialized at debug level[39m
2023-01-12T07:23:39.961Z|-|[32minfo[39m|-|[32mApp is running at http://localhost:3001 in development mode[39m
2023-01-12T07:23:39.961Z|-|[32minfo[39m|-|[32mPress CTRL-C to stop[39m
2023-01-12T07:23:40.149Z|-|[32minfo[39m|-|[32mConnected to DB[39m
2023-01-12T07:23:43.586Z|-|[34mdebug[39m|-|[34mLogging initialized at debug level[39m
2023-01-12T07:23:45.912Z|-|[32minfo[39m|-|[32mApp is running at http://localhost:3001 in development mode[39m
2023-01-12T07:23:45.913Z|-|[32minfo[39m|-|[32mPress CTRL-C to stop[39m
2023-01-12T07:23:46.189Z|-|[32minfo[39m|-|[32mConnected to DB[39m
2023-01-12T07:23:50.065Z|-|[34mdebug[39m|-|[34mLogging initialized at debug level[39m
2023-01-12T07:23:52.912Z|-|[32minfo[39m|-|[32mApp is running at http://localhost:3001 in development mode[39m
2023-01-12T07:23:52.915Z|-|[32minfo[39m|-|[32mPress CTRL-C to stop[39m
2023-01-12T07:23:53.258Z|-|[32minfo[39m|-|[32mConnected to DB[39m
2023-01-12T07:23:56.107Z|-|[34mdebug[39m|-|[34mLogging initialized at debug level[39m
2023-01-12T07:23:58.525Z|-|[32minfo[39m|-|[32mApp is running at http://localhost:3001 in development mode[39m
2023-01-12T07:23:58.526Z|-|[32minfo[39m|-|[32mPress CTRL-C to stop[39m
2023-01-12T07:23:58.785Z|-|[32minfo[39m|-|[32mConnected to DB[39m
2023-01-12T07:24:09.880Z|-|[34mdebug[39m|-|[34mLogging initialized at debug level[39m
2023-01-12T07:24:12.228Z|-|[32minfo[39m|-|[32mApp is running at http://localhost:3001 in development mode[39m
2023-01-12T07:24:12.228Z|-|[32minfo[39m|-|[32mPress CTRL-C to stop[39m
2023-01-12T07:24:12.527Z|-|[32minfo[39m|-|[32mConnected to DB[39m
2023-01-12T07:24:17.954Z|-|[34mdebug[39m|-|[34mLogging initialized at debug level[39m
2023-01-12T07:24:20.187Z|-|[32minfo[39m|-|[32mApp is running at http://localhost:3001 in development mode[39m
2023-01-12T07:24:20.188Z|-|[32minfo[39m|-|[32mPress CTRL-C to stop[39m
2023-01-12T07:24:20.431Z|-|[32minfo[39m|-|[32mConnected to DB[39m
2023-01-12T07:24:26.777Z|-|[34mdebug[39m|-|[34mLogging initialized at debug level[39m
2023-01-12T07:24:28.864Z|-|[32minfo[39m|-|[32mApp is running at http://localhost:3001 in development mode[39m
2023-01-12T07:24:28.867Z|-|[32minfo[39m|-|[32mPress CTRL-C to stop[39m
2023-01-12T07:24:29.118Z|-|[32minfo[39m|-|[32mConnected to DB[39m
2023-01-12T07:24:38.868Z|-|[34mdebug[39m|-|[34mLogging initialized at debug level[39m
2023-01-12T07:24:41.323Z|-|[32minfo[39m|-|[32mApp is running at http://localhost:3001 in development mode[39m
2023-01-12T07:24:41.324Z|-|[32minfo[39m|-|[32mPress CTRL-C to stop[39m
2023-01-12T07:24:41.603Z|-|[32minfo[39m|-|[32mConnected to DB[39m
2023-01-12T07:24:45.014Z|-|[34mdebug[39m|-|[34mLogging initialized at debug level[39m
2023-01-12T07:24:46.997Z|-|[32minfo[39m|-|[32mApp is running at http://localhost:3001 in development mode[39m
2023-01-12T07:24:46.998Z|-|[32minfo[39m|-|[32mPress CTRL-C to stop[39m
2023-01-12T07:24:47.202Z|-|[32minfo[39m|-|[32mConnected to DB[39m
2023-01-12T07:24:51.036Z|-|[34mdebug[39m|-|[34mLogging initialized at debug level[39m
2023-01-12T07:24:53.752Z|-|[32minfo[39m|-|[32mApp is running at http://localhost:3001 in development mode[39m
2023-01-12T07:24:53.753Z|-|[32minfo[39m|-|[32mPress CTRL-C to stop[39m
2023-01-12T07:24:53.985Z|-|[32minfo[39m|-|[32mConnected to DB[39m
2023-01-12T07:24:55.127Z|-|[34mdebug[39m|-|[34mLogging initialized at debug level[39m
2023-01-12T07:24:57.272Z|-|[32minfo[39m|-|[32mApp is running at http://localhost:3001 in development mode[39m
2023-01-12T07:24:57.274Z|-|[32minfo[39m|-|[32mPress CTRL-C to stop[39m
2023-01-12T07:24:57.446Z|-|[32minfo[39m|-|[32mConnected to DB[39m
2023-01-12T07:25:02.968Z|-|[34mdebug[39m|-|[34mLogging initialized at debug level[39m
2023-01-12T07:25:05.039Z|-|[32minfo[39m|-|[32mApp is running at http://localhost:3001 in development mode[39m
2023-01-12T07:25:05.040Z|-|[32minfo[39m|-|[32mPress CTRL-C to stop[39m
2023-01-12T07:25:05.363Z|-|[32minfo[39m|-|[32mConnected to DB[39m
2023-01-12T07:25:08.781Z|-|[34mdebug[39m|-|[34mLogging initialized at debug level[39m
2023-01-12T07:25:10.988Z|-|[32minfo[39m|-|[32mApp is running at http://localhost:3001 in development mode[39m
2023-01-12T07:25:10.991Z|-|[32minfo[39m|-|[32mPress CTRL-C to stop[39m
2023-01-12T07:25:11.238Z|-|[32minfo[39m|-|[32mConnected to DB[39m
2023-01-12T07:25:28.740Z|-|[34mdebug[39m|-|[34mLogging initialized at debug level[39m
2023-01-12T07:25:31.478Z|-|[32minfo[39m|-|[32mApp is running at http://localhost:3001 in development mode[39m
2023-01-12T07:25:31.480Z|-|[32minfo[39m|-|[32mPress CTRL-C to stop[39m
2023-01-12T07:25:31.748Z|-|[32minfo[39m|-|[32mConnected to DB[39m
2023-01-12T07:25:39.614Z|-|[34mdebug[39m|-|[34mLogging initialized at debug level[39m
2023-01-12T07:25:41.700Z|-|[32minfo[39m|-|[32mApp is running at http://localhost:3001 in development mode[39m
2023-01-12T07:25:41.701Z|-|[32minfo[39m|-|[32mPress CTRL-C to stop[39m
2023-01-12T07:25:41.949Z|-|[32minfo[39m|-|[32mConnected to DB[39m
2023-01-12T07:25:45.619Z|-|[34mdebug[39m|-|[34mLogging initialized at debug level[39m
2023-01-12T07:25:47.546Z|-|[32minfo[39m|-|[32mApp is running at http://localhost:3001 in development mode[39m
2023-01-12T07:25:47.546Z|-|[32minfo[39m|-|[32mPress CTRL-C to stop[39m
2023-01-12T07:25:47.734Z|-|[32minfo[39m|-|[32mConnected to DB[39m
2023-01-12T07:25:58.668Z|-|[34mdebug[39m|-|[34mLogging initialized at debug level[39m
2023-01-12T07:26:00.648Z|-|[32minfo[39m|-|[32mApp is running at http://localhost:3001 in development mode[39m
2023-01-12T07:26:00.658Z|-|[32minfo[39m|-|[32mPress CTRL-C to stop[39m
2023-01-12T07:26:01.047Z|-|[32minfo[39m|-|[32mConnected to DB[39m
2023-01-12T07:26:01.336Z|-|[34mdebug[39m|-|[34mLogging initialized at debug level[39m
2023-01-12T07:26:03.367Z|-|[32minfo[39m|-|[32mApp is running at http://localhost:3001 in development mode[39m
2023-01-12T07:26:03.367Z|-|[32minfo[39m|-|[32mPress CTRL-C to stop[39m
2023-01-12T07:26:03.836Z|-|[34mdebug[39m|-|[34mLogging initialized at debug level[39m
2023-01-12T07:26:06.181Z|-|[32minfo[39m|-|[32mApp is running at http://localhost:3001 in development mode[39m
2023-01-12T07:26:06.184Z|-|[32minfo[39m|-|[32mPress CTRL-C to stop[39m
2023-01-12T07:26:06.451Z|-|[32minfo[39m|-|[32mConnected to DB[39m
2023-01-12T07:26:22.120Z|-|[34mdebug[39m|-|[34mLogging initialized at debug level[39m
2023-01-12T07:26:24.291Z|-|[32minfo[39m|-|[32mApp is running at http://localhost:3001 in development mode[39m
2023-01-12T07:26:24.291Z|-|[32minfo[39m|-|[32mPress CTRL-C to stop[39m
2023-01-12T07:26:24.464Z|-|[32minfo[39m|-|[32mConnected to DB[39m
2023-01-12T07:26:30.439Z|-|[34mdebug[39m|-|[34mLogging initialized at debug level[39m
2023-01-12T07:26:33.711Z|-|[32minfo[39m|-|[32mApp is running at http://localhost:3001 in development mode[39m
2023-01-12T07:26:33.711Z|-|[32minfo[39m|-|[32mPress CTRL-C to stop[39m
2023-01-12T07:26:34.068Z|-|[32minfo[39m|-|[32mConnected to DB[39m
2023-01-12T07:26:36.465Z|-|[34mdebug[39m|-|[34mLogging initialized at debug level[39m
2023-01-12T07:26:38.524Z|-|[32minfo[39m|-|[32mApp is running at http://localhost:3001 in development mode[39m
2023-01-12T07:26:38.524Z|-|[32minfo[39m|-|[32mPress CTRL-C to stop[39m
2023-01-12T07:26:38.736Z|-|[32minfo[39m|-|[32mConnected to DB[39m
2023-01-12T07:26:46.374Z|-|[34mdebug[39m|-|[34mLogging initialized at debug level[39m
2023-01-12T07:26:48.365Z|-|[32minfo[39m|-|[32mApp is running at http://localhost:3001 in development mode[39m
2023-01-12T07:26:48.368Z|-|[32minfo[39m|-|[32mPress CTRL-C to stop[39m
2023-01-12T07:26:48.546Z|-|[32minfo[39m|-|[32mConnected to DB[39m
2023-01-12T07:26:57.855Z|-|[34mdebug[39m|-|[34mLogging initialized at debug level[39m
2023-01-12T07:26:59.792Z|-|[32minfo[39m|-|[32mApp is running at http://localhost:3001 in development mode[39m
2023-01-12T07:26:59.793Z|-|[32minfo[39m|-|[32mPress CTRL-C to stop[39m
2023-01-12T07:26:59.958Z|-|[32minfo[39m|-|[32mConnected to DB[39m
2023-01-12T07:27:24.156Z|-|[34mdebug[39m|-|[34mLogging initialized at debug level[39m
2023-01-12T07:27:26.203Z|-|[32minfo[39m|-|[32mApp is running at http://localhost:3001 in development mode[39m
2023-01-12T07:27:26.203Z|-|[32minfo[39m|-|[32mPress CTRL-C to stop[39m
2023-01-12T07:27:26.442Z|-|[32minfo[39m|-|[32mConnected to DB[39m
2023-01-12T07:27:26.810Z|-|[34mdebug[39m|-|[34mLogging initialized at debug level[39m
2023-01-12T07:27:29.074Z|-|[32minfo[39m|-|[32mApp is running at http://localhost:3001 in development mode[39m
2023-01-12T07:27:29.074Z|-|[32minfo[39m|-|[32mPress CTRL-C to stop[39m
2023-01-12T07:27:29.262Z|-|[32minfo[39m|-|[32mConnected to DB[39m
2023-01-12T07:27:44.189Z|-|[34mdebug[39m|-|[34mLogging initialized at debug level[39m
2023-01-12T07:27:46.725Z|-|[32minfo[39m|-|[32mApp is running at http://localhost:3001 in development mode[39m
2023-01-12T07:27:46.728Z|-|[32minfo[39m|-|[32mPress CTRL-C to stop[39m
2023-01-12T07:27:46.991Z|-|[32minfo[39m|-|[32mConnected to DB[39m
2023-01-12T07:27:47.275Z|-|[34mdebug[39m|-|[34mLogging initialized at debug level[39m
2023-01-12T07:27:49.697Z|-|[32minfo[39m|-|[32mApp is running at http://localhost:3001 in development mode[39m
2023-01-12T07:27:49.700Z|-|[32minfo[39m|-|[32mPress CTRL-C to stop[39m
2023-01-12T07:27:50.297Z|-|[32minfo[39m|-|[32mConnected to DB[39m
2023-01-12T07:28:01.713Z|-|[34mdebug[39m|-|[34mLogging initialized at debug level[39m
2023-01-12T07:28:04.179Z|-|[32minfo[39m|-|[32mApp is running at http://localhost:3001 in development mode[39m
2023-01-12T07:28:04.181Z|-|[32minfo[39m|-|[32mPress CTRL-C to stop[39m
2023-01-12T07:28:04.440Z|-|[32minfo[39m|-|[32mConnected to DB[39m
2023-01-12T07:28:10.354Z|-|[34mdebug[39m|-|[34mLogging initialized at debug level[39m
2023-01-12T07:28:17.498Z|-|[32minfo[39m|-|[32mApp is running at http://localhost:3001 in development mode[39m
2023-01-12T07:28:17.502Z|-|[32minfo[39m|-|[32mPress CTRL-C to stop[39m
2023-01-12T07:28:18.657Z|-|[32minfo[39m|-|[32mConnected to DB[39m
2023-01-12T07:28:44.149Z|-|[34mdebug[39m|-|[34mLogging initialized at debug level[39m
2023-01-12T07:28:46.488Z|-|[32minfo[39m|-|[32mApp is running at http://localhost:3001 in development mode[39m
2023-01-12T07:28:46.488Z|-|[32minfo[39m|-|[32mPress CTRL-C to stop[39m
2023-01-12T07:28:46.720Z|-|[32minfo[39m|-|[32mConnected to DB[39m
2023-01-12T07:29:22.694Z|-|[34mdebug[39m|-|[34mLogging initialized at debug level[39m
2023-01-12T07:29:24.775Z|-|[32minfo[39m|-|[32mApp is running at http://localhost:3001 in development mode[39m
2023-01-12T07:29:24.776Z|-|[32minfo[39m|-|[32mPress CTRL-C to stop[39m
2023-01-12T07:29:25.091Z|-|[32minfo[39m|-|[32mConnected to DB[39m
2023-01-12T07:29:26.176Z|-|[34mdebug[39m|-|[34mLogging initialized at debug level[39m
2023-01-12T07:29:27.976Z|-|[32minfo[39m|-|[32mApp is running at http://localhost:3001 in development mode[39m
2023-01-12T07:29:27.976Z|-|[32minfo[39m|-|[32mPress CTRL-C to stop[39m
2023-01-12T07:29:28.170Z|-|[32minfo[39m|-|[32mConnected to DB[39m
2023-01-12T07:33:37.561Z|-|[34mdebug[39m|-|[34mLogging initialized at debug level[39m
2023-01-12T07:33:39.781Z|-|[32minfo[39m|-|[32mApp is running at http://localhost:3001 in development mode[39m
2023-01-12T07:33:39.781Z|-|[32minfo[39m|-|[32mPress CTRL-C to stop[39m
2023-01-12T07:33:40.042Z|-|[32minfo[39m|-|[32mConnected to DB[39m
2023-01-12T07:33:47.352Z|-|[34mdebug[39m|-|[34mLogging initialized at debug level[39m
2023-01-12T07:33:49.533Z|-|[32minfo[39m|-|[32mApp is running at http://localhost:3001 in development mode[39m
2023-01-12T07:33:49.534Z|-|[32minfo[39m|-|[32mPress CTRL-C to stop[39m
2023-01-12T07:33:49.750Z|-|[34mdebug[39m|-|[34mLogging initialized at debug level[39m
2023-01-12T07:33:52.177Z|-|[32minfo[39m|-|[32mApp is running at http://localhost:3001 in development mode[39m
2023-01-12T07:33:52.181Z|-|[32minfo[39m|-|[32mPress CTRL-C to stop[39m
2023-01-12T07:33:52.807Z|-|[32minfo[39m|-|[32mConnected to DB[39m
2023-01-12T07:34:28.213Z|-|[34mdebug[39m|-|[34mLogging initialized at debug level[39m
2023-01-12T07:34:30.132Z|-|[32minfo[39m|-|[32mApp is running at http://localhost:3001 in development mode[39m
2023-01-12T07:34:30.133Z|-|[32minfo[39m|-|[32mPress CTRL-C to stop[39m
2023-01-12T07:34:30.374Z|-|[32minfo[39m|-|[32mConnected to DB[39m
2023-01-12T07:34:42.516Z|-|[34mdebug[39m|-|[34mLogging initialized at debug level[39m
2023-01-12T07:34:44.601Z|-|[32minfo[39m|-|[32mApp is running at http://localhost:3001 in development mode[39m
2023-01-12T07:34:44.602Z|-|[32minfo[39m|-|[32mPress CTRL-C to stop[39m
2023-01-12T07:34:44.825Z|-|[32minfo[39m|-|[32mConnected to DB[39m
2023-01-12T07:34:54.210Z|-|[34mdebug[39m|-|[34mLogging initialized at debug level[39m
2023-01-12T07:34:56.255Z|-|[32minfo[39m|-|[32mApp is running at http://localhost:3001 in development mode[39m
2023-01-12T07:34:56.255Z|-|[32minfo[39m|-|[32mPress CTRL-C to stop[39m
2023-01-12T07:34:56.467Z|-|[32minfo[39m|-|[32mConnected to DB[39m
2023-01-12T07:35:11.556Z|-|[34mdebug[39m|-|[34mLogging initialized at debug level[39m
2023-01-12T07:35:15.024Z|-|[32minfo[39m|-|[32mApp is running at http://localhost:3001 in development mode[39m
2023-01-12T07:35:15.025Z|-|[32minfo[39m|-|[32mPress CTRL-C to stop[39m
2023-01-12T07:35:15.203Z|-|[32minfo[39m|-|[32mConnected to DB[39m
2023-01-12T07:35:22.912Z|-|[34mdebug[39m|-|[34mLogging initialized at debug level[39m
2023-01-12T07:35:25.377Z|-|[32minfo[39m|-|[32mApp is running at http://localhost:3001 in development mode[39m
2023-01-12T07:35:25.377Z|-|[32minfo[39m|-|[32mPress CTRL-C to stop[39m
2023-01-12T07:35:25.604Z|-|[32minfo[39m|-|[32mConnected to DB[39m
2023-01-12T07:35:39.790Z|-|[34mdebug[39m|-|[34mLogging initialized at debug level[39m
2023-01-12T07:35:42.341Z|-|[32minfo[39m|-|[32mApp is running at http://localhost:3001 in development mode[39m
2023-01-12T07:35:42.342Z|-|[32minfo[39m|-|[32mPress CTRL-C to stop[39m
2023-01-12T07:35:42.547Z|-|[32minfo[39m|-|[32mConnected to DB[39m
2023-01-12T07:35:50.447Z|-|[34mdebug[39m|-|[34mLogging initialized at debug level[39m
2023-01-12T07:35:53.375Z|-|[32minfo[39m|-|[32mApp is running at http://localhost:3001 in development mode[39m
2023-01-12T07:35:53.375Z|-|[32minfo[39m|-|[32mPress CTRL-C to stop[39m
2023-01-12T07:35:53.613Z|-|[32minfo[39m|-|[32mConnected to DB[39m
2023-01-12T07:36:17.964Z|-|[34mdebug[39m|-|[34mLogging initialized at debug level[39m
2023-01-12T07:36:20.840Z|-|[32minfo[39m|-|[32mApp is running at http://localhost:3001 in development mode[39m
2023-01-12T07:36:20.841Z|-|[32minfo[39m|-|[32mPress CTRL-C to stop[39m
2023-01-12T07:36:21.417Z|-|[32minfo[39m|-|[32mConnected to DB[39m
2023-01-12T07:36:27.151Z|-|[34mdebug[39m|-|[34mLogging initialized at debug level[39m
2023-01-12T07:36:29.216Z|-|[32minfo[39m|-|[32mApp is running at http://localhost:3001 in development mode[39m
2023-01-12T07:36:29.217Z|-|[32minfo[39m|-|[32mPress CTRL-C to stop[39m
2023-01-12T07:36:29.412Z|-|[32minfo[39m|-|[32mConnected to DB[39m
2023-01-12T07:36:49.221Z|-|[34mdebug[39m|-|[34mLogging initialized at debug level[39m
2023-01-12T07:36:51.550Z|-|[32minfo[39m|-|[32mApp is running at http://localhost:3001 in development mode[39m
2023-01-12T07:36:51.551Z|-|[32minfo[39m|-|[32mPress CTRL-C to stop[39m
2023-01-12T07:36:51.746Z|-|[32minfo[39m|-|[32mConnected to DB[39m
2023-01-12T07:37:26.886Z|-|[34mdebug[39m|-|[34mLogging initialized at debug level[39m
2023-01-12T07:37:29.086Z|-|[32minfo[39m|-|[32mApp is running at http://localhost:3001 in development mode[39m
2023-01-12T07:37:29.088Z|-|[32minfo[39m|-|[32mPress CTRL-C to stop[39m
2023-01-12T07:37:29.264Z|-|[32minfo[39m|-|[32mConnected to DB[39m
2023-01-12T07:37:31.383Z|-|[34mdebug[39m|-|[34mLogging initialized at debug level[39m
2023-01-12T07:37:33.124Z|-|[32minfo[39m|-|[32mApp is running at http://localhost:3001 in development mode[39m
2023-01-12T07:37:33.124Z|-|[32minfo[39m|-|[32mPress CTRL-C to stop[39m
2023-01-12T07:37:33.320Z|-|[32minfo[39m|-|[32mConnected to DB[39m
2023-01-12T07:38:39.789Z|-|[34mdebug[39m|-|[34mLogging initialized at debug level[39m
2023-01-12T07:38:41.882Z|-|[32minfo[39m|-|[32mApp is running at http://localhost:3001 in development mode[39m
2023-01-12T07:38:41.883Z|-|[32minfo[39m|-|[32mPress CTRL-C to stop[39m
2023-01-12T07:38:42.090Z|-|[32minfo[39m|-|[32mConnected to DB[39m
2023-01-12T07:38:53.974Z|-|[34mdebug[39m|-|[34mLogging initialized at debug level[39m
2023-01-12T07:38:56.370Z|-|[32minfo[39m|-|[32mApp is running at http://localhost:3001 in development mode[39m
2023-01-12T07:38:56.373Z|-|[32minfo[39m|-|[32mPress CTRL-C to stop[39m
2023-01-12T07:38:56.663Z|-|[32minfo[39m|-|[32mConnected to DB[39m
2023-01-12T07:38:58.134Z|-|[34mdebug[39m|-|[34mLogging initialized at debug level[39m
2023-01-12T07:39:00.511Z|-|[32minfo[39m|-|[32mApp is running at http://localhost:3001 in development mode[39m
2023-01-12T07:39:00.512Z|-|[32minfo[39m|-|[32mPress CTRL-C to stop[39m
2023-01-12T07:39:00.717Z|-|[32minfo[39m|-|[32mConnected to DB[39m
2023-01-12T07:39:06.062Z|-|[34mdebug[39m|-|[34mLogging initialized at debug level[39m
2023-01-12T07:39:08.506Z|-|[32minfo[39m|-|[32mApp is running at http://localhost:3001 in development mode[39m
2023-01-12T07:39:08.507Z|-|[32minfo[39m|-|[32mPress CTRL-C to stop[39m
2023-01-12T07:39:08.730Z|-|[32minfo[39m|-|[32mConnected to DB[39m
2023-01-12T07:39:10.520Z|-|[34mdebug[39m|-|[34mLogging initialized at debug level[39m
2023-01-12T07:39:12.512Z|-|[32minfo[39m|-|[32mApp is running at http://localhost:3001 in development mode[39m
2023-01-12T07:39:12.512Z|-|[32minfo[39m|-|[32mPress CTRL-C to stop[39m
2023-01-12T07:39:12.691Z|-|[32minfo[39m|-|[32mConnected to DB[39m
2023-01-12T07:39:20.697Z|-|[34mdebug[39m|-|[34mLogging initialized at debug level[39m
2023-01-12T07:39:23.367Z|-|[32minfo[39m|-|[32mApp is running at http://localhost:3001 in development mode[39m
2023-01-12T07:39:23.368Z|-|[32minfo[39m|-|[32mPress CTRL-C to stop[39m
2023-01-12T07:39:23.933Z|-|[32minfo[39m|-|[32mConnected to DB[39m
2023-01-12T07:39:33.183Z|-|[34mdebug[39m|-|[34mLogging initialized at debug level[39m
2023-01-12T07:39:35.777Z|-|[32minfo[39m|-|[32mApp is running at http://localhost:3001 in development mode[39m
2023-01-12T07:39:35.779Z|-|[32minfo[39m|-|[32mPress CTRL-C to stop[39m
2023-01-12T07:39:35.968Z|-|[32minfo[39m|-|[32mConnected to DB[39m
2023-01-12T07:39:48.138Z|-|[34mdebug[39m|-|[34mLogging initialized at debug level[39m
2023-01-12T07:39:50.843Z|-|[32minfo[39m|-|[32mApp is running at http://localhost:3001 in development mode[39m
2023-01-12T07:39:50.844Z|-|[32minfo[39m|-|[32mPress CTRL-C to stop[39m
2023-01-12T07:39:51.154Z|-|[32minfo[39m|-|[32mConnected to DB[39m
2023-01-12T07:39:55.351Z|-|[34mdebug[39m|-|[34mLogging initialized at debug level[39m
2023-01-12T07:39:57.339Z|-|[32minfo[39m|-|[32mApp is running at http://localhost:3001 in development mode[39m
2023-01-12T07:39:57.340Z|-|[32minfo[39m|-|[32mPress CTRL-C to stop[39m
2023-01-12T07:39:57.560Z|-|[32minfo[39m|-|[32mConnected to DB[39m
2023-01-12T07:40:09.023Z|-|[34mdebug[39m|-|[34mLogging initialized at debug level[39m
2023-01-12T07:40:10.678Z|-|[32minfo[39m|-|[32mApp is running at http://localhost:3001 in development mode[39m
2023-01-12T07:40:10.679Z|-|[32minfo[39m|-|[32mPress CTRL-C to stop[39m
2023-01-12T07:40:10.877Z|-|[32minfo[39m|-|[32mConnected to DB[39m
2023-01-12T07:40:32.678Z|-|[34mdebug[39m|-|[34mLogging initialized at debug level[39m
2023-01-12T07:40:34.796Z|-|[32minfo[39m|-|[32mApp is running at http://localhost:3001 in development mode[39m
2023-01-12T07:40:34.796Z|-|[32minfo[39m|-|[32mPress CTRL-C to stop[39m
2023-01-12T07:40:35.089Z|-|[32minfo[39m|-|[32mConnected to DB[39m
2023-01-12T07:40:39.033Z|-|[34mdebug[39m|-|[34mLogging initialized at debug level[39m
2023-01-12T07:40:41.363Z|-|[32minfo[39m|-|[32mApp is running at http://localhost:3001 in development mode[39m
2023-01-12T07:40:41.365Z|-|[32minfo[39m|-|[32mPress CTRL-C to stop[39m
2023-01-12T07:40:41.691Z|-|[32minfo[39m|-|[32mConnected to DB[39m
2023-01-12T07:40:44.474Z|-|[34mdebug[39m|-|[34mLogging initialized at debug level[39m
2023-01-12T07:40:46.930Z|-|[32minfo[39m|-|[32mApp is running at http://localhost:3001 in development mode[39m
2023-01-12T07:40:46.931Z|-|[32minfo[39m|-|[32mPress CTRL-C to stop[39m
2023-01-12T07:40:47.194Z|-|[32minfo[39m|-|[32mConnected to DB[39m
2023-01-12T07:40:49.791Z|-|[34mdebug[39m|-|[34mLogging initialized at debug level[39m
2023-01-12T07:40:51.946Z|-|[32minfo[39m|-|[32mApp is running at http://localhost:3001 in development mode[39m
2023-01-12T07:40:51.947Z|-|[32minfo[39m|-|[32mPress CTRL-C to stop[39m
2023-01-12T07:40:52.180Z|-|[32minfo[39m|-|[32mConnected to DB[39m
2023-01-12T07:40:54.422Z|-|[34mdebug[39m|-|[34mLogging initialized at debug level[39m
2023-01-12T07:40:56.869Z|-|[32minfo[39m|-|[32mApp is running at http://localhost:3001 in development mode[39m
2023-01-12T07:40:56.872Z|-|[32minfo[39m|-|[32mPress CTRL-C to stop[39m
2023-01-12T07:40:57.164Z|-|[32minfo[39m|-|[32mConnected to DB[39m
2023-01-12T07:40:59.724Z|-|[34mdebug[39m|-|[34mLogging initialized at debug level[39m
2023-01-12T07:41:01.890Z|-|[32minfo[39m|-|[32mApp is running at http://localhost:3001 in development mode[39m
2023-01-12T07:41:01.891Z|-|[32minfo[39m|-|[32mPress CTRL-C to stop[39m
2023-01-12T07:41:02.292Z|-|[32minfo[39m|-|[32mConnected to DB[39m
2023-01-12T07:41:05.595Z|-|[34mdebug[39m|-|[34mLogging initialized at debug level[39m
2023-01-12T07:41:07.601Z|-|[32minfo[39m|-|[32mApp is running at http://localhost:3001 in development mode[39m
2023-01-12T07:41:07.602Z|-|[32minfo[39m|-|[32mPress CTRL-C to stop[39m
2023-01-12T07:41:07.829Z|-|[32minfo[39m|-|[32mConnected to DB[39m
2023-01-12T07:41:33.373Z|-|[34mdebug[39m|-|[34mLogging initialized at debug level[39m
2023-01-12T07:41:35.226Z|-|[32minfo[39m|-|[32mApp is running at http://localhost:3001 in development mode[39m
2023-01-12T07:41:35.226Z|-|[32minfo[39m|-|[32mPress CTRL-C to stop[39m
2023-01-12T07:41:35.435Z|-|[32minfo[39m|-|[32mConnected to DB[39m
2023-01-12T07:41:43.008Z|-|[34mdebug[39m|-|[34mLogging initialized at debug level[39m
2023-01-12T07:41:44.923Z|-|[32minfo[39m|-|[32mApp is running at http://localhost:3001 in development mode[39m
2023-01-12T07:41:44.923Z|-|[32minfo[39m|-|[32mPress CTRL-C to stop[39m
2023-01-12T07:41:45.115Z|-|[32minfo[39m|-|[32mConnected to DB[39m
2023-01-12T07:42:09.172Z|-|[34mdebug[39m|-|[34mLogging initialized at debug level[39m
2023-01-12T07:42:12.502Z|-|[32minfo[39m|-|[32mApp is running at http://localhost:3001 in development mode[39m
2023-01-12T07:42:12.503Z|-|[32minfo[39m|-|[32mPress CTRL-C to stop[39m
2023-01-12T07:42:12.965Z|-|[34mdebug[39m|-|[34mLogging initialized at debug level[39m
2023-01-12T07:42:15.324Z|-|[32minfo[39m|-|[32mApp is running at http://localhost:3001 in development mode[39m
2023-01-12T07:42:15.325Z|-|[32minfo[39m|-|[32mPress CTRL-C to stop[39m
2023-01-12T07:42:15.532Z|-|[32minfo[39m|-|[32mConnected to DB[39m
2023-01-12T07:42:34.933Z|-|[34mdebug[39m|-|[34mLogging initialized at debug level[39m
2023-01-12T07:42:36.706Z|-|[32minfo[39m|-|[32mApp is running at http://localhost:3001 in development mode[39m
2023-01-12T07:42:36.708Z|-|[32minfo[39m|-|[32mPress CTRL-C to stop[39m
2023-01-12T07:42:36.884Z|-|[32minfo[39m|-|[32mConnected to DB[39m
2023-01-12T07:42:47.398Z|-|[34mdebug[39m|-|[34mLogging initialized at debug level[39m
2023-01-12T07:42:49.715Z|-|[32minfo[39m|-|[32mApp is running at http://localhost:3001 in development mode[39m
2023-01-12T07:42:49.716Z|-|[32minfo[39m|-|[32mPress CTRL-C to stop[39m
2023-01-12T07:42:49.931Z|-|[32minfo[39m|-|[32mConnected to DB[39m
2023-01-12T07:42:59.374Z|-|[34mdebug[39m|-|[34mLogging initialized at debug level[39m
2023-01-12T07:43:01.748Z|-|[32minfo[39m|-|[32mApp is running at http://localhost:3001 in development mode[39m
2023-01-12T07:43:01.748Z|-|[32minfo[39m|-|[32mPress CTRL-C to stop[39m
2023-01-12T07:43:02.010Z|-|[32minfo[39m|-|[32mConnected to DB[39m
2023-01-12T07:43:07.144Z|-|[34mdebug[39m|-|[34mLogging initialized at debug level[39m
2023-01-12T07:43:11.017Z|-|[32minfo[39m|-|[32mApp is running at http://localhost:3001 in development mode[39m
2023-01-12T07:43:11.019Z|-|[32minfo[39m|-|[32mPress CTRL-C to stop[39m
2023-01-12T07:43:11.227Z|-|[32minfo[39m|-|[32mConnected to DB[39m
2023-01-12T07:43:12.053Z|-|[34mdebug[39m|-|[34mLogging initialized at debug level[39m
2023-01-12T07:43:14.047Z|-|[32minfo[39m|-|[32mApp is running at http://localhost:3001 in development mode[39m
2023-01-12T07:43:14.048Z|-|[32minfo[39m|-|[32mPress CTRL-C to stop[39m
2023-01-12T07:43:14.328Z|-|[32minfo[39m|-|[32mConnected to DB[39m
2023-01-12T07:43:15.811Z|-|[34mdebug[39m|-|[34mLogging initialized at debug level[39m
2023-01-12T07:43:17.800Z|-|[32minfo[39m|-|[32mApp is running at http://localhost:3001 in development mode[39m
2023-01-12T07:43:17.800Z|-|[32minfo[39m|-|[32mPress CTRL-C to stop[39m
2023-01-12T07:43:18.007Z|-|[32minfo[39m|-|[32mConnected to DB[39m
2023-01-12T07:43:18.916Z|-|[34mdebug[39m|-|[34mLogging initialized at debug level[39m
2023-01-12T07:43:21.336Z|-|[32minfo[39m|-|[32mApp is running at http://localhost:3001 in development mode[39m
2023-01-12T07:43:21.338Z|-|[32minfo[39m|-|[32mPress CTRL-C to stop[39m
2023-01-12T07:43:21.533Z|-|[32minfo[39m|-|[32mConnected to DB[39m
2023-01-12T07:43:28.192Z|-|[34mdebug[39m|-|[34mLogging initialized at debug level[39m
2023-01-12T07:43:30.380Z|-|[32minfo[39m|-|[32mApp is running at http://localhost:3001 in development mode[39m
2023-01-12T07:43:30.383Z|-|[32minfo[39m|-|[32mPress CTRL-C to stop[39m
2023-01-12T07:43:30.715Z|-|[32minfo[39m|-|[32mConnected to DB[39m
2023-01-12T07:43:33.892Z|-|[34mdebug[39m|-|[34mLogging initialized at debug level[39m
2023-01-12T07:43:36.998Z|-|[32minfo[39m|-|[32mApp is running at http://localhost:3001 in development mode[39m
2023-01-12T07:43:37.006Z|-|[32minfo[39m|-|[32mPress CTRL-C to stop[39m
2023-01-12T07:43:37.400Z|-|[32minfo[39m|-|[32mConnected to DB[39m
2023-01-12T07:43:45.886Z|-|[34mdebug[39m|-|[34mLogging initialized at debug level[39m
2023-01-12T07:43:48.303Z|-|[32minfo[39m|-|[32mApp is running at http://localhost:3001 in development mode[39m
2023-01-12T07:43:48.306Z|-|[32minfo[39m|-|[32mPress CTRL-C to stop[39m
2023-01-12T07:43:48.704Z|-|[32minfo[39m|-|[32mConnected to DB[39m
2023-01-12T07:43:49.614Z|-|[34mdebug[39m|-|[34mLogging initialized at debug level[39m
2023-01-12T07:43:52.554Z|-|[32minfo[39m|-|[32mApp is running at http://localhost:3001 in development mode[39m
2023-01-12T07:43:52.555Z|-|[32minfo[39m|-|[32mPress CTRL-C to stop[39m
2023-01-12T07:43:52.805Z|-|[32minfo[39m|-|[32mConnected to DB[39m
2023-01-12T07:44:18.802Z|-|[34mdebug[39m|-|[34mLogging initialized at debug level[39m
2023-01-12T07:44:20.601Z|-|[32minfo[39m|-|[32mApp is running at http://localhost:3001 in development mode[39m
2023-01-12T07:44:20.602Z|-|[32minfo[39m|-|[32mPress CTRL-C to stop[39m
2023-01-12T07:44:20.803Z|-|[32minfo[39m|-|[32mConnected to DB[39m
2023-01-12T07:44:27.602Z|-|[34mdebug[39m|-|[34mLogging initialized at debug level[39m
2023-01-12T07:44:29.762Z|-|[32minfo[39m|-|[32mApp is running at http://localhost:3001 in development mode[39m
2023-01-12T07:44:29.762Z|-|[32minfo[39m|-|[32mPress CTRL-C to stop[39m
2023-01-12T07:44:30.046Z|-|[32minfo[39m|-|[32mConnected to DB[39m
2023-01-12T07:44:31.372Z|-|[34mdebug[39m|-|[34mLogging initialized at debug level[39m
2023-01-12T07:44:33.479Z|-|[32minfo[39m|-|[32mApp is running at http://localhost:3001 in development mode[39m
2023-01-12T07:44:33.479Z|-|[32minfo[39m|-|[32mPress CTRL-C to stop[39m
2023-01-12T07:44:33.689Z|-|[32minfo[39m|-|[32mConnected to DB[39m
2023-01-12T07:44:36.210Z|-|[34mdebug[39m|-|[34mLogging initialized at debug level[39m
2023-01-12T07:44:38.604Z|-|[32minfo[39m|-|[32mApp is running at http://localhost:3001 in development mode[39m
2023-01-12T07:44:38.618Z|-|[32minfo[39m|-|[32mPress CTRL-C to stop[39m
2023-01-12T07:44:39.076Z|-|[32minfo[39m|-|[32mConnected to DB[39m
2023-01-12T07:44:41.648Z|-|[34mdebug[39m|-|[34mLogging initialized at debug level[39m
2023-01-12T07:44:44.052Z|-|[32minfo[39m|-|[32mApp is running at http://localhost:3001 in development mode[39m
2023-01-12T07:44:44.054Z|-|[32minfo[39m|-|[32mPress CTRL-C to stop[39m
2023-01-12T07:44:44.401Z|-|[32minfo[39m|-|[32mConnected to DB[39m
2023-01-12T07:44:47.455Z|-|[34mdebug[39m|-|[34mLogging initialized at debug level[39m
2023-01-12T07:44:49.579Z|-|[32minfo[39m|-|[32mApp is running at http://localhost:3001 in development mode[39m
2023-01-12T07:44:49.581Z|-|[32minfo[39m|-|[32mPress CTRL-C to stop[39m
2023-01-12T07:44:49.822Z|-|[32minfo[39m|-|[32mConnected to DB[39m
2023-01-12T07:44:55.513Z|-|[34mdebug[39m|-|[34mLogging initialized at debug level[39m
2023-01-12T07:44:57.740Z|-|[32minfo[39m|-|[32mApp is running at http://localhost:3001 in development mode[39m
2023-01-12T07:44:57.742Z|-|[32minfo[39m|-|[32mPress CTRL-C to stop[39m
2023-01-12T07:44:58.029Z|-|[32minfo[39m|-|[32mConnected to DB[39m
2023-01-12T07:45:00.622Z|-|[34mdebug[39m|-|[34mLogging initialized at debug level[39m
2023-01-12T07:45:02.720Z|-|[32minfo[39m|-|[32mApp is running at http://localhost:3001 in development mode[39m
2023-01-12T07:45:02.722Z|-|[32minfo[39m|-|[32mPress CTRL-C to stop[39m
2023-01-12T07:45:02.934Z|-|[32minfo[39m|-|[32mConnected to DB[39m
2023-01-12T07:45:27.332Z|-|[34mdebug[39m|-|[34mLogging initialized at debug level[39m
2023-01-12T07:45:30.304Z|-|[32minfo[39m|-|[32mApp is running at http://localhost:3001 in development mode[39m
2023-01-12T07:45:30.305Z|-|[32minfo[39m|-|[32mPress CTRL-C to stop[39m
2023-01-12T07:45:30.591Z|-|[32minfo[39m|-|[32mConnected to DB[39m
2023-01-12T07:45:39.541Z|-|[34mdebug[39m|-|[34mLogging initialized at debug level[39m
2023-01-12T07:45:41.667Z|-|[32minfo[39m|-|[32mApp is running at http://localhost:3001 in development mode[39m
2023-01-12T07:45:41.668Z|-|[32minfo[39m|-|[32mPress CTRL-C to stop[39m
2023-01-12T07:45:41.962Z|-|[32minfo[39m|-|[32mConnected to DB[39m
2023-01-12T07:45:46.296Z|-|[34mdebug[39m|-|[34mLogging initialized at debug level[39m
2023-01-12T07:45:48.359Z|-|[32minfo[39m|-|[32mApp is running at http://localhost:3001 in development mode[39m
2023-01-12T07:45:48.359Z|-|[32minfo[39m|-|[32mPress CTRL-C to stop[39m
2023-01-12T07:45:48.551Z|-|[32minfo[39m|-|[32mConnected to DB[39m
2023-01-12T07:45:54.649Z|-|[34mdebug[39m|-|[34mLogging initialized at debug level[39m
2023-01-12T07:45:56.721Z|-|[32minfo[39m|-|[32mApp is running at http://localhost:3001 in development mode[39m
2023-01-12T07:45:56.723Z|-|[32minfo[39m|-|[32mPress CTRL-C to stop[39m
2023-01-12T07:45:56.931Z|-|[32minfo[39m|-|[32mConnected to DB[39m
2023-01-12T07:46:14.425Z|-|[34mdebug[39m|-|[34mLogging initialized at debug level[39m
2023-01-12T07:46:16.462Z|-|[32minfo[39m|-|[32mApp is running at http://localhost:3001 in development mode[39m
2023-01-12T07:46:16.463Z|-|[32minfo[39m|-|[32mPress CTRL-C to stop[39m
2023-01-12T07:46:16.657Z|-|[32minfo[39m|-|[32mConnected to DB[39m
2023-01-12T07:46:27.946Z|-|[34mdebug[39m|-|[34mLogging initialized at debug level[39m
2023-01-12T07:46:29.879Z|-|[32minfo[39m|-|[32mApp is running at http://localhost:3001 in development mode[39m
2023-01-12T07:46:29.879Z|-|[32minfo[39m|-|[32mPress CTRL-C to stop[39m
2023-01-12T07:46:30.170Z|-|[32minfo[39m|-|[32mConnected to DB[39m
2023-01-12T07:46:31.275Z|-|[34mdebug[39m|-|[34mLogging initialized at debug level[39m
2023-01-12T07:46:33.490Z|-|[32minfo[39m|-|[32mApp is running at http://localhost:3001 in development mode[39m
2023-01-12T07:46:33.490Z|-|[32minfo[39m|-|[32mPress CTRL-C to stop[39m
2023-01-12T07:46:33.660Z|-|[32minfo[39m|-|[32mConnected to DB[39m
2023-01-12T07:46:59.425Z|-|[34mdebug[39m|-|[34mLogging initialized at debug level[39m
2023-01-12T07:47:01.786Z|-|[32minfo[39m|-|[32mApp is running at http://localhost:3001 in development mode[39m
2023-01-12T07:47:01.787Z|-|[32minfo[39m|-|[32mPress CTRL-C to stop[39m
2023-01-12T07:47:01.965Z|-|[32minfo[39m|-|[32mConnected to DB[39m
2023-01-12T07:47:05.029Z|-|[34mdebug[39m|-|[34mLogging initialized at debug level[39m
2023-01-12T07:47:07.448Z|-|[32minfo[39m|-|[32mApp is running at http://localhost:3001 in development mode[39m
2023-01-12T07:47:07.450Z|-|[32minfo[39m|-|[32mPress CTRL-C to stop[39m
2023-01-12T07:47:07.806Z|-|[32minfo[39m|-|[32mConnected to DB[39m
2023-01-12T07:47:17.112Z|-|[34mdebug[39m|-|[34mLogging initialized at debug level[39m
2023-01-12T07:47:19.539Z|-|[32minfo[39m|-|[32mApp is running at http://localhost:3001 in development mode[39m
2023-01-12T07:47:19.540Z|-|[32minfo[39m|-|[32mPress CTRL-C to stop[39m
2023-01-12T07:47:19.743Z|-|[32minfo[39m|-|[32mConnected to DB[39m
2023-01-12T07:47:20.925Z|-|[34mdebug[39m|-|[34mLogging initialized at debug level[39m
2023-01-12T07:47:23.484Z|-|[32minfo[39m|-|[32mApp is running at http://localhost:3001 in development mode[39m
2023-01-12T07:47:23.484Z|-|[32minfo[39m|-|[32mPress CTRL-C to stop[39m
2023-01-12T07:47:23.746Z|-|[32minfo[39m|-|[32mConnected to DB[39m
2023-01-12T07:47:25.031Z|-|[34mdebug[39m|-|[34mLogging initialized at debug level[39m
2023-01-12T07:47:28.080Z|-|[32minfo[39m|-|[32mApp is running at http://localhost:3001 in development mode[39m
2023-01-12T07:47:28.080Z|-|[32minfo[39m|-|[32mPress CTRL-C to stop[39m
2023-01-12T07:47:28.289Z|-|[32minfo[39m|-|[32mConnected to DB[39m
2023-01-12T07:47:31.827Z|-|[34mdebug[39m|-|[34mLogging initialized at debug level[39m
2023-01-12T07:47:34.127Z|-|[32minfo[39m|-|[32mApp is running at http://localhost:3001 in development mode[39m
2023-01-12T07:47:34.129Z|-|[32minfo[39m|-|[32mPress CTRL-C to stop[39m
2023-01-12T07:47:34.381Z|-|[32minfo[39m|-|[32mConnected to DB[39m
2023-01-12T07:47:35.061Z|-|[34mdebug[39m|-|[34mLogging initialized at debug level[39m
2023-01-12T07:47:36.836Z|-|[32minfo[39m|-|[32mApp is running at http://localhost:3001 in development mode[39m
2023-01-12T07:47:36.837Z|-|[32minfo[39m|-|[32mPress CTRL-C to stop[39m
2023-01-12T07:47:37.024Z|-|[32minfo[39m|-|[32mConnected to DB[39m
2023-01-12T07:50:40.203Z|-|[34mdebug[39m|-|[34mLogging initialized at debug level[39m
2023-01-12T07:50:42.598Z|-|[32minfo[39m|-|[32mApp is running at http://localhost:3001 in development mode[39m
2023-01-12T07:50:42.599Z|-|[32minfo[39m|-|[32mPress CTRL-C to stop[39m
2023-01-12T07:50:42.823Z|-|[32minfo[39m|-|[32mConnected to DB[39m
